[0.088s] DEBUG:colcon:Command line arguments: ['/usr/bin/colcon', 'build']
[0.088s] DEBUG:colcon:Parsed command line arguments: Namespace(allow_overriding=[], ament_cmake_args=None, base_paths=['.'], build_base='build', catkin_cmake_args=None, catkin_skip_building_tests=False, cmake_args=None, cmake_clean_cache=False, cmake_clean_first=False, cmake_force_configure=False, cmake_target=None, cmake_target_skip_unavailable=False, continue_on_error=False, event_handlers=None, executor='parallel', ignore_user_meta=False, install_base='install', log_base=None, log_level=None, main=<bound method BuildVerb.main of <colcon_core.verb.build.BuildVerb object at 0x7f5871b1cbe0>>, merge_install=False, metas=['./colcon.meta'], packages_above=None, packages_above_and_dependencies=None, packages_above_depth=None, packages_end=None, packages_ignore=None, packages_ignore_regex=None, packages_select=None, packages_select_build_failed=False, packages_select_by_dep=None, packages_select_regex=None, packages_select_test_failures=False, packages_skip=None, packages_skip_build_finished=False, packages_skip_by_dep=None, packages_skip_regex=None, packages_skip_test_passed=False, packages_skip_up_to=None, packages_start=None, packages_up_to=None, packages_up_to_regex=None, parallel_workers=1, paths=None, symlink_install=False, test_result_base=None, verb_extension=<colcon_core.verb.build.BuildVerb object at 0x7f5871b1cbe0>, verb_name='build', verb_parser=<colcon_defaults.argument_parser.defaults.DefaultArgumentsDecorator object at 0x7f5871aa7190>)
[0.103s] Level 1:colcon.colcon_core.package_discovery:discover_packages(colcon_meta) check parameters
[0.104s] Level 1:colcon.colcon_core.package_discovery:discover_packages(recursive) check parameters
[0.104s] Level 1:colcon.colcon_core.package_discovery:discover_packages(ignore) check parameters
[0.104s] Level 1:colcon.colcon_core.package_discovery:discover_packages(path) check parameters
[0.104s] Level 1:colcon.colcon_core.package_discovery:discover_packages(colcon_meta) discover
[0.104s] Level 1:colcon.colcon_core.package_discovery:discover_packages(recursive) discover
[0.104s] INFO:colcon.colcon_core.package_discovery:Crawling recursively for packages in '/home/peto/action_ws'
[0.104s] Level 1:colcon.colcon_core.package_identification:_identify(.) by extensions ['ignore', 'ignore_ament_install']
[0.104s] Level 1:colcon.colcon_core.package_identification:_identify(.) by extension 'ignore'
[0.104s] Level 1:colcon.colcon_core.package_identification:_identify(.) by extension 'ignore_ament_install'
[0.104s] Level 1:colcon.colcon_core.package_identification:_identify(.) by extensions ['colcon_pkg']
[0.104s] Level 1:colcon.colcon_core.package_identification:_identify(.) by extension 'colcon_pkg'
[0.104s] Level 1:colcon.colcon_core.package_identification:_identify(.) by extensions ['colcon_meta']
[0.104s] Level 1:colcon.colcon_core.package_identification:_identify(.) by extension 'colcon_meta'
[0.104s] Level 1:colcon.colcon_core.package_identification:_identify(.) by extensions ['ros']
[0.104s] Level 1:colcon.colcon_core.package_identification:_identify(.) by extension 'ros'
[0.112s] Level 1:colcon.colcon_core.package_identification:_identify(.) by extensions ['cmake', 'python']
[0.112s] Level 1:colcon.colcon_core.package_identification:_identify(.) by extension 'cmake'
[0.112s] Level 1:colcon.colcon_core.package_identification:_identify(.) by extension 'python'
[0.112s] Level 1:colcon.colcon_core.package_identification:_identify(.) by extensions ['python_setup_py']
[0.112s] Level 1:colcon.colcon_core.package_identification:_identify(.) by extension 'python_setup_py'
[0.112s] Level 1:colcon.colcon_core.package_identification:_identify(build) by extensions ['ignore', 'ignore_ament_install']
[0.112s] Level 1:colcon.colcon_core.package_identification:_identify(build) by extension 'ignore'
[0.112s] Level 1:colcon.colcon_core.package_identification:_identify(build) ignored
[0.112s] Level 1:colcon.colcon_core.package_identification:_identify(install) by extensions ['ignore', 'ignore_ament_install']
[0.112s] Level 1:colcon.colcon_core.package_identification:_identify(install) by extension 'ignore'
[0.112s] Level 1:colcon.colcon_core.package_identification:_identify(install) ignored
[0.112s] Level 1:colcon.colcon_core.package_identification:_identify(log) by extensions ['ignore', 'ignore_ament_install']
[0.112s] Level 1:colcon.colcon_core.package_identification:_identify(log) by extension 'ignore'
[0.112s] Level 1:colcon.colcon_core.package_identification:_identify(log) ignored
[0.112s] Level 1:colcon.colcon_core.package_identification:_identify(src) by extensions ['ignore', 'ignore_ament_install']
[0.112s] Level 1:colcon.colcon_core.package_identification:_identify(src) by extension 'ignore'
[0.112s] Level 1:colcon.colcon_core.package_identification:_identify(src) by extension 'ignore_ament_install'
[0.112s] Level 1:colcon.colcon_core.package_identification:_identify(src) by extensions ['colcon_pkg']
[0.112s] Level 1:colcon.colcon_core.package_identification:_identify(src) by extension 'colcon_pkg'
[0.112s] Level 1:colcon.colcon_core.package_identification:_identify(src) by extensions ['colcon_meta']
[0.112s] Level 1:colcon.colcon_core.package_identification:_identify(src) by extension 'colcon_meta'
[0.112s] Level 1:colcon.colcon_core.package_identification:_identify(src) by extensions ['ros']
[0.113s] Level 1:colcon.colcon_core.package_identification:_identify(src) by extension 'ros'
[0.113s] Level 1:colcon.colcon_core.package_identification:_identify(src) by extensions ['cmake', 'python']
[0.113s] Level 1:colcon.colcon_core.package_identification:_identify(src) by extension 'cmake'
[0.113s] Level 1:colcon.colcon_core.package_identification:_identify(src) by extension 'python'
[0.113s] Level 1:colcon.colcon_core.package_identification:_identify(src) by extensions ['python_setup_py']
[0.113s] Level 1:colcon.colcon_core.package_identification:_identify(src) by extension 'python_setup_py'
[0.113s] Level 1:colcon.colcon_core.package_identification:_identify(src/action_tutorials_cpp) by extensions ['ignore', 'ignore_ament_install']
[0.113s] Level 1:colcon.colcon_core.package_identification:_identify(src/action_tutorials_cpp) by extension 'ignore'
[0.113s] Level 1:colcon.colcon_core.package_identification:_identify(src/action_tutorials_cpp) by extension 'ignore_ament_install'
[0.113s] Level 1:colcon.colcon_core.package_identification:_identify(src/action_tutorials_cpp) by extensions ['colcon_pkg']
[0.113s] Level 1:colcon.colcon_core.package_identification:_identify(src/action_tutorials_cpp) by extension 'colcon_pkg'
[0.113s] Level 1:colcon.colcon_core.package_identification:_identify(src/action_tutorials_cpp) by extensions ['colcon_meta']
[0.113s] Level 1:colcon.colcon_core.package_identification:_identify(src/action_tutorials_cpp) by extension 'colcon_meta'
[0.113s] Level 1:colcon.colcon_core.package_identification:_identify(src/action_tutorials_cpp) by extensions ['ros']
[0.113s] Level 1:colcon.colcon_core.package_identification:_identify(src/action_tutorials_cpp) by extension 'ros'
[0.115s] DEBUG:colcon.colcon_core.package_identification:Package 'src/action_tutorials_cpp' with type 'ros.ament_cmake' and name 'action_tutorials_cpp'
[0.115s] Level 1:colcon.colcon_core.package_identification:_identify(src/action_tutorials_interfaces) by extensions ['ignore', 'ignore_ament_install']
[0.115s] Level 1:colcon.colcon_core.package_identification:_identify(src/action_tutorials_interfaces) by extension 'ignore'
[0.115s] Level 1:colcon.colcon_core.package_identification:_identify(src/action_tutorials_interfaces) by extension 'ignore_ament_install'
[0.115s] Level 1:colcon.colcon_core.package_identification:_identify(src/action_tutorials_interfaces) by extensions ['colcon_pkg']
[0.115s] Level 1:colcon.colcon_core.package_identification:_identify(src/action_tutorials_interfaces) by extension 'colcon_pkg'
[0.115s] Level 1:colcon.colcon_core.package_identification:_identify(src/action_tutorials_interfaces) by extensions ['colcon_meta']
[0.115s] Level 1:colcon.colcon_core.package_identification:_identify(src/action_tutorials_interfaces) by extension 'colcon_meta'
[0.115s] Level 1:colcon.colcon_core.package_identification:_identify(src/action_tutorials_interfaces) by extensions ['ros']
[0.115s] Level 1:colcon.colcon_core.package_identification:_identify(src/action_tutorials_interfaces) by extension 'ros'
[0.115s] DEBUG:colcon.colcon_core.package_identification:Package 'src/action_tutorials_interfaces' with type 'ros.ament_cmake' and name 'action_tutorials_interfaces'
[0.115s] Level 1:colcon.colcon_core.package_discovery:discover_packages(recursive) using defaults
[0.115s] Level 1:colcon.colcon_core.package_discovery:discover_packages(ignore) discover
[0.115s] Level 1:colcon.colcon_core.package_discovery:discover_packages(ignore) using defaults
[0.115s] Level 1:colcon.colcon_core.package_discovery:discover_packages(path) discover
[0.115s] Level 1:colcon.colcon_core.package_discovery:discover_packages(path) using defaults
[0.128s] Level 1:colcon.colcon_core.package_discovery:discover_packages(prefix_path) check parameters
[0.128s] Level 1:colcon.colcon_core.package_discovery:discover_packages(prefix_path) discover
[0.129s] DEBUG:colcon.colcon_installed_package_information.package_discovery:Found 2 installed packages in /home/peto/action_ws/install
[0.130s] DEBUG:colcon.colcon_installed_package_information.package_discovery:Found 4 installed packages in /home/peto/dev_ws/install
[0.130s] DEBUG:colcon.colcon_installed_package_information.package_discovery:Found 268 installed packages in /opt/ros/galactic
[0.141s] ERROR:colcon.colcon_core.package_discovery:Exception in package discovery extension 'prefix_path': object of type 'NoneType' has no len()
Traceback (most recent call last):
  File "/usr/lib/python3/dist-packages/colcon_core/package_discovery/__init__.py", line 250, in _discover_packages
    descs = extension.discover(
  File "/usr/lib/python3/dist-packages/colcon_installed_package_information/package_discovery/prefix_path.py", line 30, in discover
    num_packages = len(packages)
TypeError: object of type 'NoneType' has no len()

[0.142s] Level 5:colcon.colcon_core.verb:set package 'action_tutorials_interfaces' build argument 'cmake_args' from command line to 'None'
[0.142s] Level 5:colcon.colcon_core.verb:set package 'action_tutorials_interfaces' build argument 'cmake_target' from command line to 'None'
[0.142s] Level 5:colcon.colcon_core.verb:set package 'action_tutorials_interfaces' build argument 'cmake_target_skip_unavailable' from command line to 'False'
[0.142s] Level 5:colcon.colcon_core.verb:set package 'action_tutorials_interfaces' build argument 'cmake_clean_cache' from command line to 'False'
[0.142s] Level 5:colcon.colcon_core.verb:set package 'action_tutorials_interfaces' build argument 'cmake_clean_first' from command line to 'False'
[0.142s] Level 5:colcon.colcon_core.verb:set package 'action_tutorials_interfaces' build argument 'cmake_force_configure' from command line to 'False'
[0.142s] Level 5:colcon.colcon_core.verb:set package 'action_tutorials_interfaces' build argument 'ament_cmake_args' from command line to 'None'
[0.142s] Level 5:colcon.colcon_core.verb:set package 'action_tutorials_interfaces' build argument 'catkin_cmake_args' from command line to 'None'
[0.142s] Level 5:colcon.colcon_core.verb:set package 'action_tutorials_interfaces' build argument 'catkin_skip_building_tests' from command line to 'False'
[0.142s] DEBUG:colcon.colcon_core.verb:Building package 'action_tutorials_interfaces' with the following arguments: {'ament_cmake_args': None, 'build_base': '/home/peto/action_ws/build/action_tutorials_interfaces', 'catkin_cmake_args': None, 'catkin_skip_building_tests': False, 'cmake_args': None, 'cmake_clean_cache': False, 'cmake_clean_first': False, 'cmake_force_configure': False, 'cmake_target': None, 'cmake_target_skip_unavailable': False, 'install_base': '/home/peto/action_ws/install/action_tutorials_interfaces', 'merge_install': False, 'path': '/home/peto/action_ws/src/action_tutorials_interfaces', 'symlink_install': False, 'test_result_base': None}
[0.143s] Level 5:colcon.colcon_core.verb:set package 'action_tutorials_cpp' build argument 'cmake_args' from command line to 'None'
[0.143s] Level 5:colcon.colcon_core.verb:set package 'action_tutorials_cpp' build argument 'cmake_target' from command line to 'None'
[0.143s] Level 5:colcon.colcon_core.verb:set package 'action_tutorials_cpp' build argument 'cmake_target_skip_unavailable' from command line to 'False'
[0.143s] Level 5:colcon.colcon_core.verb:set package 'action_tutorials_cpp' build argument 'cmake_clean_cache' from command line to 'False'
[0.143s] Level 5:colcon.colcon_core.verb:set package 'action_tutorials_cpp' build argument 'cmake_clean_first' from command line to 'False'
[0.143s] Level 5:colcon.colcon_core.verb:set package 'action_tutorials_cpp' build argument 'cmake_force_configure' from command line to 'False'
[0.143s] Level 5:colcon.colcon_core.verb:set package 'action_tutorials_cpp' build argument 'ament_cmake_args' from command line to 'None'
[0.143s] Level 5:colcon.colcon_core.verb:set package 'action_tutorials_cpp' build argument 'catkin_cmake_args' from command line to 'None'
[0.143s] Level 5:colcon.colcon_core.verb:set package 'action_tutorials_cpp' build argument 'catkin_skip_building_tests' from command line to 'False'
[0.143s] DEBUG:colcon.colcon_core.verb:Building package 'action_tutorials_cpp' with the following arguments: {'ament_cmake_args': None, 'build_base': '/home/peto/action_ws/build/action_tutorials_cpp', 'catkin_cmake_args': None, 'catkin_skip_building_tests': False, 'cmake_args': None, 'cmake_clean_cache': False, 'cmake_clean_first': False, 'cmake_force_configure': False, 'cmake_target': None, 'cmake_target_skip_unavailable': False, 'install_base': '/home/peto/action_ws/install/action_tutorials_cpp', 'merge_install': False, 'path': '/home/peto/action_ws/src/action_tutorials_cpp', 'symlink_install': False, 'test_result_base': None}
[0.143s] INFO:colcon.colcon_core.executor:Executing jobs using 'parallel' executor
[0.144s] DEBUG:colcon.colcon_parallel_executor.executor.parallel:run_until_complete
[0.145s] INFO:colcon.colcon_ros.task.ament_cmake.build:Building ROS package in '/home/peto/action_ws/src/action_tutorials_interfaces' with build type 'ament_cmake'
[0.145s] INFO:colcon.colcon_cmake.task.cmake.build:Building CMake package in '/home/peto/action_ws/src/action_tutorials_interfaces'
[0.147s] INFO:colcon.colcon_core.plugin_system:Skipping extension 'colcon_core.shell.bat': Not used on non-Windows systems
[0.147s] INFO:colcon.colcon_core.shell:Skip shell extension 'powershell' for command environment: Not usable outside of PowerShell
[0.147s] DEBUG:colcon.colcon_core.shell:Skip shell extension 'dsv' for command environment
[0.149s] DEBUG:colcon.colcon_core.shell:Ignoring prefix path '/opt/ros/noetic'
[0.159s] DEBUG:colcon.colcon_core.event_handler.log_command:Invoking command in '/home/peto/action_ws/build/action_tutorials_interfaces': CMAKE_PREFIX_PATH=/home/peto/action_ws/install/action_tutorials_interfaces:/home/peto/dev_ws/install/cpp_srvcli:/home/peto/dev_ws/install/cpp_pubsub:/home/peto/dev_ws/install/turtlesim:/home/peto/dev_ws/install/my_package:/opt/ros/galactic:/opt/ros/noetic /usr/bin/cmake --build /home/peto/action_ws/build/action_tutorials_interfaces -- -j1 -l1
[0.460s] DEBUG:colcon.colcon_core.event_handler.log_command:Invoked command in '/home/peto/action_ws/build/action_tutorials_interfaces' returned '0': CMAKE_PREFIX_PATH=/home/peto/action_ws/install/action_tutorials_interfaces:/home/peto/dev_ws/install/cpp_srvcli:/home/peto/dev_ws/install/cpp_pubsub:/home/peto/dev_ws/install/turtlesim:/home/peto/dev_ws/install/my_package:/opt/ros/galactic:/opt/ros/noetic /usr/bin/cmake --build /home/peto/action_ws/build/action_tutorials_interfaces -- -j1 -l1
[0.509s] DEBUG:colcon.colcon_core.event_handler.log_command:Invoking command in '/home/peto/action_ws/build/action_tutorials_interfaces': CMAKE_PREFIX_PATH=/home/peto/action_ws/install/action_tutorials_interfaces:/home/peto/dev_ws/install/cpp_srvcli:/home/peto/dev_ws/install/cpp_pubsub:/home/peto/dev_ws/install/turtlesim:/home/peto/dev_ws/install/my_package:/opt/ros/galactic:/opt/ros/noetic /usr/bin/cmake --install /home/peto/action_ws/build/action_tutorials_interfaces
[0.557s] Level 1:colcon.colcon_core.environment:create_environment_scripts_only(action_tutorials_interfaces)
[0.560s] DEBUG:colcon.colcon_core.event_handler.log_command:Invoked command in '/home/peto/action_ws/build/action_tutorials_interfaces' returned '0': CMAKE_PREFIX_PATH=/home/peto/action_ws/install/action_tutorials_interfaces:/home/peto/dev_ws/install/cpp_srvcli:/home/peto/dev_ws/install/cpp_pubsub:/home/peto/dev_ws/install/turtlesim:/home/peto/dev_ws/install/my_package:/opt/ros/galactic:/opt/ros/noetic /usr/bin/cmake --install /home/peto/action_ws/build/action_tutorials_interfaces
[0.560s] Level 1:colcon.colcon_core.environment:checking '/home/peto/action_ws/install/action_tutorials_interfaces' for CMake module files
[0.561s] Level 1:colcon.colcon_core.environment:checking '/home/peto/action_ws/install/action_tutorials_interfaces' for CMake config files
[0.561s] Level 1:colcon.colcon_core.shell:create_environment_hook('action_tutorials_interfaces', 'cmake_prefix_path')
[0.561s] INFO:colcon.colcon_core.shell:Creating environment hook '/home/peto/action_ws/install/action_tutorials_interfaces/share/action_tutorials_interfaces/hook/cmake_prefix_path.ps1'
[0.562s] INFO:colcon.colcon_core.shell:Creating environment descriptor '/home/peto/action_ws/install/action_tutorials_interfaces/share/action_tutorials_interfaces/hook/cmake_prefix_path.dsv'
[0.562s] INFO:colcon.colcon_core.shell:Creating environment hook '/home/peto/action_ws/install/action_tutorials_interfaces/share/action_tutorials_interfaces/hook/cmake_prefix_path.sh'
[0.563s] Level 1:colcon.colcon_core.environment:checking '/home/peto/action_ws/install/action_tutorials_interfaces/lib'
[0.563s] Level 1:colcon.colcon_core.shell:create_environment_hook('action_tutorials_interfaces', 'ld_library_path_lib')
[0.563s] INFO:colcon.colcon_core.shell:Creating environment hook '/home/peto/action_ws/install/action_tutorials_interfaces/share/action_tutorials_interfaces/hook/ld_library_path_lib.ps1'
[0.564s] INFO:colcon.colcon_core.shell:Creating environment descriptor '/home/peto/action_ws/install/action_tutorials_interfaces/share/action_tutorials_interfaces/hook/ld_library_path_lib.dsv'
[0.564s] INFO:colcon.colcon_core.shell:Creating environment hook '/home/peto/action_ws/install/action_tutorials_interfaces/share/action_tutorials_interfaces/hook/ld_library_path_lib.sh'
[0.564s] Level 1:colcon.colcon_core.environment:checking '/home/peto/action_ws/install/action_tutorials_interfaces/bin'
[0.564s] Level 1:colcon.colcon_core.environment:checking '/home/peto/action_ws/install/action_tutorials_interfaces/lib/pkgconfig/action_tutorials_interfaces.pc'
[0.565s] Level 1:colcon.colcon_core.environment:checking '/home/peto/action_ws/install/action_tutorials_interfaces/lib/python3.8/site-packages'
[0.565s] Level 1:colcon.colcon_core.shell:create_environment_hook('action_tutorials_interfaces', 'pythonpath')
[0.565s] INFO:colcon.colcon_core.shell:Creating environment hook '/home/peto/action_ws/install/action_tutorials_interfaces/share/action_tutorials_interfaces/hook/pythonpath.ps1'
[0.565s] INFO:colcon.colcon_core.shell:Creating environment descriptor '/home/peto/action_ws/install/action_tutorials_interfaces/share/action_tutorials_interfaces/hook/pythonpath.dsv'
[0.566s] INFO:colcon.colcon_core.shell:Creating environment hook '/home/peto/action_ws/install/action_tutorials_interfaces/share/action_tutorials_interfaces/hook/pythonpath.sh'
[0.566s] INFO:colcon.colcon_core.shell:Creating package script '/home/peto/action_ws/install/action_tutorials_interfaces/share/action_tutorials_interfaces/package.ps1'
[0.567s] INFO:colcon.colcon_core.shell:Creating package descriptor '/home/peto/action_ws/install/action_tutorials_interfaces/share/action_tutorials_interfaces/package.dsv'
[0.567s] INFO:colcon.colcon_core.shell:Creating package script '/home/peto/action_ws/install/action_tutorials_interfaces/share/action_tutorials_interfaces/package.sh'
[0.568s] INFO:colcon.colcon_core.shell:Creating package script '/home/peto/action_ws/install/action_tutorials_interfaces/share/action_tutorials_interfaces/package.bash'
[0.568s] INFO:colcon.colcon_core.shell:Creating package script '/home/peto/action_ws/install/action_tutorials_interfaces/share/action_tutorials_interfaces/package.zsh'
[0.569s] Level 1:colcon.colcon_core.environment:create_file_with_runtime_dependencies(/home/peto/action_ws/install/action_tutorials_interfaces/share/colcon-core/packages/action_tutorials_interfaces)
[0.608s] Level 1:colcon.colcon_core.environment:create_environment_scripts_only(action_tutorials_interfaces)
[0.609s] Level 1:colcon.colcon_core.environment:checking '/home/peto/action_ws/install/action_tutorials_interfaces' for CMake module files
[0.610s] Level 1:colcon.colcon_core.environment:checking '/home/peto/action_ws/install/action_tutorials_interfaces' for CMake config files
[0.610s] Level 1:colcon.colcon_core.shell:create_environment_hook('action_tutorials_interfaces', 'cmake_prefix_path')
[0.610s] INFO:colcon.colcon_core.shell:Creating environment hook '/home/peto/action_ws/install/action_tutorials_interfaces/share/action_tutorials_interfaces/hook/cmake_prefix_path.ps1'
[0.611s] INFO:colcon.colcon_core.shell:Creating environment descriptor '/home/peto/action_ws/install/action_tutorials_interfaces/share/action_tutorials_interfaces/hook/cmake_prefix_path.dsv'
[0.611s] INFO:colcon.colcon_core.shell:Creating environment hook '/home/peto/action_ws/install/action_tutorials_interfaces/share/action_tutorials_interfaces/hook/cmake_prefix_path.sh'
[0.612s] Level 1:colcon.colcon_core.environment:checking '/home/peto/action_ws/install/action_tutorials_interfaces/lib'
[0.612s] Level 1:colcon.colcon_core.shell:create_environment_hook('action_tutorials_interfaces', 'ld_library_path_lib')
[0.612s] INFO:colcon.colcon_core.shell:Creating environment hook '/home/peto/action_ws/install/action_tutorials_interfaces/share/action_tutorials_interfaces/hook/ld_library_path_lib.ps1'
[0.612s] INFO:colcon.colcon_core.shell:Creating environment descriptor '/home/peto/action_ws/install/action_tutorials_interfaces/share/action_tutorials_interfaces/hook/ld_library_path_lib.dsv'
[0.612s] INFO:colcon.colcon_core.shell:Creating environment hook '/home/peto/action_ws/install/action_tutorials_interfaces/share/action_tutorials_interfaces/hook/ld_library_path_lib.sh'
[0.613s] Level 1:colcon.colcon_core.environment:checking '/home/peto/action_ws/install/action_tutorials_interfaces/bin'
[0.613s] Level 1:colcon.colcon_core.environment:checking '/home/peto/action_ws/install/action_tutorials_interfaces/lib/pkgconfig/action_tutorials_interfaces.pc'
[0.613s] Level 1:colcon.colcon_core.environment:checking '/home/peto/action_ws/install/action_tutorials_interfaces/lib/python3.8/site-packages'
[0.613s] Level 1:colcon.colcon_core.shell:create_environment_hook('action_tutorials_interfaces', 'pythonpath')
[0.613s] INFO:colcon.colcon_core.shell:Creating environment hook '/home/peto/action_ws/install/action_tutorials_interfaces/share/action_tutorials_interfaces/hook/pythonpath.ps1'
[0.614s] INFO:colcon.colcon_core.shell:Creating environment descriptor '/home/peto/action_ws/install/action_tutorials_interfaces/share/action_tutorials_interfaces/hook/pythonpath.dsv'
[0.614s] INFO:colcon.colcon_core.shell:Creating environment hook '/home/peto/action_ws/install/action_tutorials_interfaces/share/action_tutorials_interfaces/hook/pythonpath.sh'
[0.614s] INFO:colcon.colcon_core.shell:Creating package script '/home/peto/action_ws/install/action_tutorials_interfaces/share/action_tutorials_interfaces/package.ps1'
[0.615s] INFO:colcon.colcon_core.shell:Creating package descriptor '/home/peto/action_ws/install/action_tutorials_interfaces/share/action_tutorials_interfaces/package.dsv'
[0.615s] INFO:colcon.colcon_core.shell:Creating package script '/home/peto/action_ws/install/action_tutorials_interfaces/share/action_tutorials_interfaces/package.sh'
[0.616s] INFO:colcon.colcon_core.shell:Creating package script '/home/peto/action_ws/install/action_tutorials_interfaces/share/action_tutorials_interfaces/package.bash'
[0.616s] INFO:colcon.colcon_core.shell:Creating package script '/home/peto/action_ws/install/action_tutorials_interfaces/share/action_tutorials_interfaces/package.zsh'
[0.616s] Level 1:colcon.colcon_core.environment:create_file_with_runtime_dependencies(/home/peto/action_ws/install/action_tutorials_interfaces/share/colcon-core/packages/action_tutorials_interfaces)
[0.617s] INFO:colcon.colcon_ros.task.ament_cmake.build:Building ROS package in '/home/peto/action_ws/src/action_tutorials_cpp' with build type 'ament_cmake'
[0.617s] INFO:colcon.colcon_cmake.task.cmake.build:Building CMake package in '/home/peto/action_ws/src/action_tutorials_cpp'
[0.618s] INFO:colcon.colcon_core.shell:Skip shell extension 'powershell' for command environment: Not usable outside of PowerShell
[0.618s] DEBUG:colcon.colcon_core.shell:Skip shell extension 'dsv' for command environment
[0.620s] DEBUG:colcon.colcon_core.shell:Ignoring prefix path '/opt/ros/noetic'
[0.626s] DEBUG:colcon.colcon_core.event_handler.log_command:Invoking command in '/home/peto/action_ws/build/action_tutorials_cpp': CMAKE_PREFIX_PATH=/home/peto/action_ws/install/action_tutorials_interfaces:/home/peto/dev_ws/install/cpp_srvcli:/home/peto/dev_ws/install/cpp_pubsub:/home/peto/dev_ws/install/turtlesim:/home/peto/dev_ws/install/my_package:/opt/ros/galactic:/opt/ros/noetic /usr/bin/cmake --build /home/peto/action_ws/build/action_tutorials_cpp -- -j1 -l1
[1.262s] DEBUG:colcon.colcon_core.event_handler.log_command:Invoked command in '/home/peto/action_ws/build/action_tutorials_cpp' returned '0': CMAKE_PREFIX_PATH=/home/peto/action_ws/install/action_tutorials_interfaces:/home/peto/dev_ws/install/cpp_srvcli:/home/peto/dev_ws/install/cpp_pubsub:/home/peto/dev_ws/install/turtlesim:/home/peto/dev_ws/install/my_package:/opt/ros/galactic:/opt/ros/noetic /usr/bin/cmake --build /home/peto/action_ws/build/action_tutorials_cpp -- -j1 -l1
[1.285s] DEBUG:colcon.colcon_core.event_handler.log_command:Invoking command in '/home/peto/action_ws/build/action_tutorials_cpp': CMAKE_PREFIX_PATH=/home/peto/action_ws/install/action_tutorials_interfaces:/home/peto/dev_ws/install/cpp_srvcli:/home/peto/dev_ws/install/cpp_pubsub:/home/peto/dev_ws/install/turtlesim:/home/peto/dev_ws/install/my_package:/opt/ros/galactic:/opt/ros/noetic /usr/bin/cmake --install /home/peto/action_ws/build/action_tutorials_cpp
[1.297s] Level 1:colcon.colcon_core.environment:create_environment_scripts_only(action_tutorials_cpp)
[1.298s] Level 1:colcon.colcon_core.environment:checking '/home/peto/action_ws/install/action_tutorials_cpp' for CMake module files
[1.298s] Level 1:colcon.colcon_core.environment:checking '/home/peto/action_ws/install/action_tutorials_cpp' for CMake config files
[1.298s] Level 1:colcon.colcon_core.shell:create_environment_hook('action_tutorials_cpp', 'cmake_prefix_path')
[1.299s] INFO:colcon.colcon_core.shell:Creating environment hook '/home/peto/action_ws/install/action_tutorials_cpp/share/action_tutorials_cpp/hook/cmake_prefix_path.ps1'
[1.299s] INFO:colcon.colcon_core.shell:Creating environment descriptor '/home/peto/action_ws/install/action_tutorials_cpp/share/action_tutorials_cpp/hook/cmake_prefix_path.dsv'
[1.300s] DEBUG:colcon.colcon_core.event_handler.log_command:Invoked command in '/home/peto/action_ws/build/action_tutorials_cpp' returned '0': CMAKE_PREFIX_PATH=/home/peto/action_ws/install/action_tutorials_interfaces:/home/peto/dev_ws/install/cpp_srvcli:/home/peto/dev_ws/install/cpp_pubsub:/home/peto/dev_ws/install/turtlesim:/home/peto/dev_ws/install/my_package:/opt/ros/galactic:/opt/ros/noetic /usr/bin/cmake --install /home/peto/action_ws/build/action_tutorials_cpp
[1.300s] INFO:colcon.colcon_core.shell:Creating environment hook '/home/peto/action_ws/install/action_tutorials_cpp/share/action_tutorials_cpp/hook/cmake_prefix_path.sh'
[1.300s] Level 1:colcon.colcon_core.environment:checking '/home/peto/action_ws/install/action_tutorials_cpp/lib'
[1.300s] Level 1:colcon.colcon_core.shell:create_environment_hook('action_tutorials_cpp', 'ld_library_path_lib')
[1.301s] INFO:colcon.colcon_core.shell:Creating environment hook '/home/peto/action_ws/install/action_tutorials_cpp/share/action_tutorials_cpp/hook/ld_library_path_lib.ps1'
[1.301s] INFO:colcon.colcon_core.shell:Creating environment descriptor '/home/peto/action_ws/install/action_tutorials_cpp/share/action_tutorials_cpp/hook/ld_library_path_lib.dsv'
[1.301s] INFO:colcon.colcon_core.shell:Creating environment hook '/home/peto/action_ws/install/action_tutorials_cpp/share/action_tutorials_cpp/hook/ld_library_path_lib.sh'
[1.301s] Level 1:colcon.colcon_core.environment:checking '/home/peto/action_ws/install/action_tutorials_cpp/bin'
[1.302s] Level 1:colcon.colcon_core.environment:checking '/home/peto/action_ws/install/action_tutorials_cpp/lib/pkgconfig/action_tutorials_cpp.pc'
[1.302s] Level 1:colcon.colcon_core.environment:checking '/home/peto/action_ws/install/action_tutorials_cpp/lib/python3.8/site-packages'
[1.302s] INFO:colcon.colcon_core.shell:Creating package script '/home/peto/action_ws/install/action_tutorials_cpp/share/action_tutorials_cpp/package.ps1'
[1.302s] INFO:colcon.colcon_core.shell:Creating package descriptor '/home/peto/action_ws/install/action_tutorials_cpp/share/action_tutorials_cpp/package.dsv'
[1.303s] INFO:colcon.colcon_core.shell:Creating package script '/home/peto/action_ws/install/action_tutorials_cpp/share/action_tutorials_cpp/package.sh'
[1.303s] INFO:colcon.colcon_core.shell:Creating package script '/home/peto/action_ws/install/action_tutorials_cpp/share/action_tutorials_cpp/package.bash'
[1.303s] INFO:colcon.colcon_core.shell:Creating package script '/home/peto/action_ws/install/action_tutorials_cpp/share/action_tutorials_cpp/package.zsh'
[1.304s] Level 1:colcon.colcon_core.environment:create_file_with_runtime_dependencies(/home/peto/action_ws/install/action_tutorials_cpp/share/colcon-core/packages/action_tutorials_cpp)
[1.326s] Level 1:colcon.colcon_core.environment:create_environment_scripts_only(action_tutorials_cpp)
[1.327s] Level 1:colcon.colcon_core.environment:checking '/home/peto/action_ws/install/action_tutorials_cpp' for CMake module files
[1.328s] Level 1:colcon.colcon_core.environment:checking '/home/peto/action_ws/install/action_tutorials_cpp' for CMake config files
[1.328s] Level 1:colcon.colcon_core.shell:create_environment_hook('action_tutorials_cpp', 'cmake_prefix_path')
[1.328s] INFO:colcon.colcon_core.shell:Creating environment hook '/home/peto/action_ws/install/action_tutorials_cpp/share/action_tutorials_cpp/hook/cmake_prefix_path.ps1'
[1.329s] INFO:colcon.colcon_core.shell:Creating environment descriptor '/home/peto/action_ws/install/action_tutorials_cpp/share/action_tutorials_cpp/hook/cmake_prefix_path.dsv'
[1.329s] INFO:colcon.colcon_core.shell:Creating environment hook '/home/peto/action_ws/install/action_tutorials_cpp/share/action_tutorials_cpp/hook/cmake_prefix_path.sh'
[1.330s] Level 1:colcon.colcon_core.environment:checking '/home/peto/action_ws/install/action_tutorials_cpp/lib'
[1.330s] Level 1:colcon.colcon_core.shell:create_environment_hook('action_tutorials_cpp', 'ld_library_path_lib')
[1.330s] INFO:colcon.colcon_core.shell:Creating environment hook '/home/peto/action_ws/install/action_tutorials_cpp/share/action_tutorials_cpp/hook/ld_library_path_lib.ps1'
[1.330s] INFO:colcon.colcon_core.shell:Creating environment descriptor '/home/peto/action_ws/install/action_tutorials_cpp/share/action_tutorials_cpp/hook/ld_library_path_lib.dsv'
[1.331s] INFO:colcon.colcon_core.shell:Creating environment hook '/home/peto/action_ws/install/action_tutorials_cpp/share/action_tutorials_cpp/hook/ld_library_path_lib.sh'
[1.331s] Level 1:colcon.colcon_core.environment:checking '/home/peto/action_ws/install/action_tutorials_cpp/bin'
[1.331s] Level 1:colcon.colcon_core.environment:checking '/home/peto/action_ws/install/action_tutorials_cpp/lib/pkgconfig/action_tutorials_cpp.pc'
[1.331s] Level 1:colcon.colcon_core.environment:checking '/home/peto/action_ws/install/action_tutorials_cpp/lib/python3.8/site-packages'
[1.332s] INFO:colcon.colcon_core.shell:Creating package script '/home/peto/action_ws/install/action_tutorials_cpp/share/action_tutorials_cpp/package.ps1'
[1.332s] INFO:colcon.colcon_core.shell:Creating package descriptor '/home/peto/action_ws/install/action_tutorials_cpp/share/action_tutorials_cpp/package.dsv'
[1.332s] INFO:colcon.colcon_core.shell:Creating package script '/home/peto/action_ws/install/action_tutorials_cpp/share/action_tutorials_cpp/package.sh'
[1.333s] INFO:colcon.colcon_core.shell:Creating package script '/home/peto/action_ws/install/action_tutorials_cpp/share/action_tutorials_cpp/package.bash'
[1.333s] INFO:colcon.colcon_core.shell:Creating package script '/home/peto/action_ws/install/action_tutorials_cpp/share/action_tutorials_cpp/package.zsh'
[1.333s] Level 1:colcon.colcon_core.environment:create_file_with_runtime_dependencies(/home/peto/action_ws/install/action_tutorials_cpp/share/colcon-core/packages/action_tutorials_cpp)
[1.334s] DEBUG:colcon.colcon_parallel_executor.executor.parallel:closing loop
[1.334s] DEBUG:colcon.colcon_parallel_executor.executor.parallel:loop closed
[1.334s] DEBUG:colcon.colcon_parallel_executor.executor.parallel:run_until_complete finished with '0'
[1.334s] DEBUG:colcon.colcon_core.event_reactor:joining thread
[1.338s] INFO:colcon.colcon_core.plugin_system:Skipping extension 'colcon_notification.desktop_notification.terminal_notifier': Not used on non-Darwin systems
[1.338s] INFO:colcon.colcon_core.plugin_system:Skipping extension 'colcon_notification.desktop_notification.win32': Not used on non-Windows systems
[1.338s] INFO:colcon.colcon_notification.desktop_notification:Sending desktop notification using 'notify2'
[1.352s] DEBUG:colcon.colcon_core.event_reactor:joined thread
[1.353s] INFO:colcon.colcon_core.shell:Creating prefix script '/home/peto/action_ws/install/local_setup.ps1'
[1.354s] INFO:colcon.colcon_core.shell:Creating prefix util module '/home/peto/action_ws/install/_local_setup_util_ps1.py'
[1.355s] INFO:colcon.colcon_core.shell:Creating prefix chain script '/home/peto/action_ws/install/setup.ps1'
[1.357s] INFO:colcon.colcon_core.shell:Creating prefix script '/home/peto/action_ws/install/local_setup.sh'
[1.357s] INFO:colcon.colcon_core.shell:Creating prefix util module '/home/peto/action_ws/install/_local_setup_util_sh.py'
[1.358s] INFO:colcon.colcon_core.shell:Creating prefix chain script '/home/peto/action_ws/install/setup.sh'
[1.358s] INFO:colcon.colcon_core.shell:Creating prefix script '/home/peto/action_ws/install/local_setup.bash'
[1.362s] INFO:colcon.colcon_core.shell:Creating prefix chain script '/home/peto/action_ws/install/setup.bash'
[1.367s] INFO:colcon.colcon_core.shell:Creating prefix script '/home/peto/action_ws/install/local_setup.zsh'
[1.368s] INFO:colcon.colcon_core.shell:Creating prefix chain script '/home/peto/action_ws/install/setup.zsh'
