[0.009s] Invoking command in '/home/peto/action_ws/build/action_tutorials_cpp': CMAKE_PREFIX_PATH=/home/peto/action_ws/install/action_tutorials_interfaces:/home/peto/dev_ws/install/cpp_srvcli:/home/peto/dev_ws/install/cpp_pubsub:/home/peto/dev_ws/install/turtlesim:/home/peto/dev_ws/install/my_package:/opt/ros/galactic:/opt/ros/noetic /usr/bin/cmake --build /home/peto/action_ws/build/action_tutorials_cpp -- -j1 -l1
[0.047s] -- Found ament_cmake: 1.1.5 (/opt/ros/galactic/share/ament_cmake/cmake)
[0.072s] -- Using PYTHON_EXECUTABLE: /usr/bin/python3
[0.116s] -- Found action_tutorials_interfaces: 0.0.0 (/home/peto/action_ws/install/action_tutorials_interfaces/share/action_tutorials_interfaces/cmake)
[0.132s] -- Using all available rosidl_typesupport_c: rosidl_typesupport_fastrtps_c;rosidl_typesupport_introspection_c
[0.134s] -- Found rosidl_adapter: 2.2.1 (/opt/ros/galactic/share/rosidl_adapter/cmake)
[0.231s] -- Using all available rosidl_typesupport_cpp: rosidl_typesupport_fastrtps_cpp;rosidl_typesupport_introspection_cpp
[0.318s] -- Found rclcpp: 9.2.0 (/opt/ros/galactic/share/rclcpp/cmake)
[0.345s] -- Found rmw_implementation_cmake: 3.3.1 (/opt/ros/galactic/share/rmw_implementation_cmake/cmake)
[0.347s] -- Found rmw_cyclonedds_cpp: 0.22.4 (/opt/ros/galactic/share/rmw_cyclonedds_cpp/cmake)
[0.362s] -- Using RMW implementation 'rmw_cyclonedds_cpp' as default
[0.462s] -- Found rclcpp_action: 9.2.0 (/opt/ros/galactic/share/rclcpp_action/cmake)
[0.483s] -- Found rclcpp_components: 9.2.0 (/opt/ros/galactic/share/rclcpp_components/cmake)
[0.521s] -- Found ament_lint_auto: 0.10.6 (/opt/ros/galactic/share/ament_lint_auto/cmake)
[0.568s] -- Added test 'copyright' to check source files copyright and LICENSE
[0.569s] -- Added test 'cppcheck' to perform static code analysis on C / C++ code
[0.569s] -- Configured cppcheck include dirs: $<BUILD_INTERFACE:/home/peto/action_ws/src/action_tutorials_cpp/include>
[0.569s] -- Configured cppcheck exclude dirs and/or files: 
[0.570s] -- Added test 'cpplint' to check C / C++ code against the Google style
[0.570s] -- Configured cpplint exclude dirs and/or files: 
[0.570s] -- Added test 'lint_cmake' to check CMake code style
[0.571s] -- Added test 'uncrustify' to check C / C++ code style
[0.571s] -- Configured uncrustify additional arguments: 
[0.571s] -- Added test 'xmllint' to check XML markup files
[0.573s] -- Configuring done
[0.582s] -- Generating done
[0.584s] -- Build files have been written to: /home/peto/action_ws/build/action_tutorials_cpp
[0.615s] [ 50%] Built target fibonacci_action_server
[0.635s] [100%] Built target action_server
[0.645s] Invoked command in '/home/peto/action_ws/build/action_tutorials_cpp' returned '0': CMAKE_PREFIX_PATH=/home/peto/action_ws/install/action_tutorials_interfaces:/home/peto/dev_ws/install/cpp_srvcli:/home/peto/dev_ws/install/cpp_pubsub:/home/peto/dev_ws/install/turtlesim:/home/peto/dev_ws/install/my_package:/opt/ros/galactic:/opt/ros/noetic /usr/bin/cmake --build /home/peto/action_ws/build/action_tutorials_cpp -- -j1 -l1
[0.668s] Invoking command in '/home/peto/action_ws/build/action_tutorials_cpp': CMAKE_PREFIX_PATH=/home/peto/action_ws/install/action_tutorials_interfaces:/home/peto/dev_ws/install/cpp_srvcli:/home/peto/dev_ws/install/cpp_pubsub:/home/peto/dev_ws/install/turtlesim:/home/peto/dev_ws/install/my_package:/opt/ros/galactic:/opt/ros/noetic /usr/bin/cmake --install /home/peto/action_ws/build/action_tutorials_cpp
[0.676s] -- Install configuration: ""
[0.676s] -- Up-to-date: /home/peto/action_ws/install/action_tutorials_cpp/lib/action_tutorials_cpp/fibonacci_action_server
[0.676s] -- Up-to-date: /home/peto/action_ws/install/action_tutorials_cpp/lib/libaction_server.so
[0.677s] -- Up-to-date: /home/peto/action_ws/install/action_tutorials_cpp/share/ament_index/resource_index/package_run_dependencies/action_tutorials_cpp
[0.677s] -- Up-to-date: /home/peto/action_ws/install/action_tutorials_cpp/share/ament_index/resource_index/parent_prefix_path/action_tutorials_cpp
[0.677s] -- Up-to-date: /home/peto/action_ws/install/action_tutorials_cpp/share/action_tutorials_cpp/environment/ament_prefix_path.sh
[0.677s] -- Installing: /home/peto/action_ws/install/action_tutorials_cpp/share/action_tutorials_cpp/environment/ament_prefix_path.dsv
[0.677s] -- Up-to-date: /home/peto/action_ws/install/action_tutorials_cpp/share/action_tutorials_cpp/environment/path.sh
[0.677s] -- Installing: /home/peto/action_ws/install/action_tutorials_cpp/share/action_tutorials_cpp/environment/path.dsv
[0.677s] -- Up-to-date: /home/peto/action_ws/install/action_tutorials_cpp/share/action_tutorials_cpp/local_setup.bash
[0.677s] -- Up-to-date: /home/peto/action_ws/install/action_tutorials_cpp/share/action_tutorials_cpp/local_setup.sh
[0.678s] -- Up-to-date: /home/peto/action_ws/install/action_tutorials_cpp/share/action_tutorials_cpp/local_setup.zsh
[0.678s] -- Installing: /home/peto/action_ws/install/action_tutorials_cpp/share/action_tutorials_cpp/local_setup.dsv
[0.678s] -- Installing: /home/peto/action_ws/install/action_tutorials_cpp/share/action_tutorials_cpp/package.dsv
[0.678s] -- Up-to-date: /home/peto/action_ws/install/action_tutorials_cpp/share/ament_index/resource_index/packages/action_tutorials_cpp
[0.678s] -- Up-to-date: /home/peto/action_ws/install/action_tutorials_cpp/share/ament_index/resource_index/rclcpp_components/action_tutorials_cpp
[0.678s] -- Up-to-date: /home/peto/action_ws/install/action_tutorials_cpp/share/action_tutorials_cpp/cmake/action_tutorials_cppConfig.cmake
[0.678s] -- Up-to-date: /home/peto/action_ws/install/action_tutorials_cpp/share/action_tutorials_cpp/cmake/action_tutorials_cppConfig-version.cmake
[0.679s] -- Up-to-date: /home/peto/action_ws/install/action_tutorials_cpp/share/action_tutorials_cpp/package.xml
[0.682s] Invoked command in '/home/peto/action_ws/build/action_tutorials_cpp' returned '0': CMAKE_PREFIX_PATH=/home/peto/action_ws/install/action_tutorials_interfaces:/home/peto/dev_ws/install/cpp_srvcli:/home/peto/dev_ws/install/cpp_pubsub:/home/peto/dev_ws/install/turtlesim:/home/peto/dev_ws/install/my_package:/opt/ros/galactic:/opt/ros/noetic /usr/bin/cmake --install /home/peto/action_ws/build/action_tutorials_cpp
