[0.009s] Invoking command in '/home/peto/action_ws/build/action_tutorials_cpp': CMAKE_PREFIX_PATH=/home/peto/action_ws/install/action_tutorials_interfaces:/home/peto/dev_ws/install/cpp_srvcli:/home/peto/dev_ws/install/cpp_pubsub:/home/peto/dev_ws/install/turtlesim:/home/peto/dev_ws/install/my_package:/opt/ros/galactic:/opt/ros/noetic /usr/bin/cmake --build /home/peto/action_ws/build/action_tutorials_cpp -- -j1 -l1
[0.043s] -- Found ament_cmake: 1.1.5 (/opt/ros/galactic/share/ament_cmake/cmake)
[0.061s] -- Using PYTHON_EXECUTABLE: /usr/bin/python3
[0.111s] -- Found action_tutorials_interfaces: 0.0.0 (/home/peto/action_ws/install/action_tutorials_interfaces/share/action_tutorials_interfaces/cmake)
[0.135s] -- Using all available rosidl_typesupport_c: rosidl_typesupport_fastrtps_c;rosidl_typesupport_introspection_c
[0.138s] -- Found rosidl_adapter: 2.2.1 (/opt/ros/galactic/share/rosidl_adapter/cmake)
[0.245s] -- Using all available rosidl_typesupport_cpp: rosidl_typesupport_fastrtps_cpp;rosidl_typesupport_introspection_cpp
[0.335s] -- Found rclcpp: 9.2.0 (/opt/ros/galactic/share/rclcpp/cmake)
[0.369s] -- Found rmw_implementation_cmake: 3.3.1 (/opt/ros/galactic/share/rmw_implementation_cmake/cmake)
[0.370s] -- Found rmw_cyclonedds_cpp: 0.22.4 (/opt/ros/galactic/share/rmw_cyclonedds_cpp/cmake)
[0.385s] -- Using RMW implementation 'rmw_cyclonedds_cpp' as default
[0.488s] -- Found rclcpp_action: 9.2.0 (/opt/ros/galactic/share/rclcpp_action/cmake)
[0.511s] -- Found rclcpp_components: 9.2.0 (/opt/ros/galactic/share/rclcpp_components/cmake)
[0.554s] -- Found ament_lint_auto: 0.10.6 (/opt/ros/galactic/share/ament_lint_auto/cmake)
[0.603s] -- Added test 'copyright' to check source files copyright and LICENSE
[0.605s] -- Added test 'cppcheck' to perform static code analysis on C / C++ code
[0.605s] -- Configured cppcheck include dirs: $<BUILD_INTERFACE:/home/peto/action_ws/src/action_tutorials_cpp/include>
[0.605s] -- Configured cppcheck exclude dirs and/or files: 
[0.606s] -- Added test 'cpplint' to check C / C++ code against the Google style
[0.606s] -- Configured cpplint exclude dirs and/or files: 
[0.607s] -- Added test 'lint_cmake' to check CMake code style
[0.607s] -- Added test 'uncrustify' to check C / C++ code style
[0.607s] -- Configured uncrustify additional arguments: 
[0.608s] -- Added test 'xmllint' to check XML markup files
[0.610s] -- Configuring done
[0.632s] -- Generating done
[0.634s] -- Build files have been written to: /home/peto/action_ws/build/action_tutorials_cpp
[0.654s] [35m[1mScanning dependencies of target fibonacci_action_client[0m
[0.686s] [ 12%] [32mBuilding CXX object CMakeFiles/fibonacci_action_client.dir/rclcpp_components/node_main_fibonacci_action_client.cpp.o[0m
[2.590s] [ 25%] [32m[1mLinking CXX executable fibonacci_action_client[0m
[2.681s] [ 25%] Built target fibonacci_action_client
[2.689s] [35m[1mScanning dependencies of target action_client[0m
[2.722s] [ 37%] [32mBuilding CXX object CMakeFiles/action_client.dir/src/fibonacci_action_client.cpp.o[0m
[6.099s] [ 50%] [32m[1mLinking CXX shared library libaction_client.so[0m
[6.220s] [ 50%] Built target action_client
[6.240s] [ 75%] Built target fibonacci_action_server
[6.261s] [100%] Built target action_server
[6.273s] Invoked command in '/home/peto/action_ws/build/action_tutorials_cpp' returned '0': CMAKE_PREFIX_PATH=/home/peto/action_ws/install/action_tutorials_interfaces:/home/peto/dev_ws/install/cpp_srvcli:/home/peto/dev_ws/install/cpp_pubsub:/home/peto/dev_ws/install/turtlesim:/home/peto/dev_ws/install/my_package:/opt/ros/galactic:/opt/ros/noetic /usr/bin/cmake --build /home/peto/action_ws/build/action_tutorials_cpp -- -j1 -l1
[6.298s] Invoking command in '/home/peto/action_ws/build/action_tutorials_cpp': CMAKE_PREFIX_PATH=/home/peto/action_ws/install/action_tutorials_interfaces:/home/peto/dev_ws/install/cpp_srvcli:/home/peto/dev_ws/install/cpp_pubsub:/home/peto/dev_ws/install/turtlesim:/home/peto/dev_ws/install/my_package:/opt/ros/galactic:/opt/ros/noetic /usr/bin/cmake --install /home/peto/action_ws/build/action_tutorials_cpp
[6.306s] -- Install configuration: ""
[6.306s] -- Up-to-date: /home/peto/action_ws/install/action_tutorials_cpp/lib/action_tutorials_cpp/fibonacci_action_server
[6.306s] -- Up-to-date: /home/peto/action_ws/install/action_tutorials_cpp/lib/libaction_server.so
[6.313s] -- Installing: /home/peto/action_ws/install/action_tutorials_cpp/lib/action_tutorials_cpp/fibonacci_action_client
[6.314s] -- Set runtime path of "/home/peto/action_ws/install/action_tutorials_cpp/lib/action_tutorials_cpp/fibonacci_action_client" to ""
[6.314s] -- Installing: /home/peto/action_ws/install/action_tutorials_cpp/lib/libaction_client.so
[6.315s] -- Set runtime path of "/home/peto/action_ws/install/action_tutorials_cpp/lib/libaction_client.so" to ""
[6.316s] -- Up-to-date: /home/peto/action_ws/install/action_tutorials_cpp/share/ament_index/resource_index/package_run_dependencies/action_tutorials_cpp
[6.316s] -- Up-to-date: /home/peto/action_ws/install/action_tutorials_cpp/share/ament_index/resource_index/parent_prefix_path/action_tutorials_cpp
[6.316s] -- Up-to-date: /home/peto/action_ws/install/action_tutorials_cpp/share/action_tutorials_cpp/environment/ament_prefix_path.sh
[6.316s] -- Installing: /home/peto/action_ws/install/action_tutorials_cpp/share/action_tutorials_cpp/environment/ament_prefix_path.dsv
[6.317s] -- Up-to-date: /home/peto/action_ws/install/action_tutorials_cpp/share/action_tutorials_cpp/environment/path.sh
[6.317s] -- Installing: /home/peto/action_ws/install/action_tutorials_cpp/share/action_tutorials_cpp/environment/path.dsv
[6.317s] -- Up-to-date: /home/peto/action_ws/install/action_tutorials_cpp/share/action_tutorials_cpp/local_setup.bash
[6.317s] -- Up-to-date: /home/peto/action_ws/install/action_tutorials_cpp/share/action_tutorials_cpp/local_setup.sh
[6.317s] -- Up-to-date: /home/peto/action_ws/install/action_tutorials_cpp/share/action_tutorials_cpp/local_setup.zsh
[6.317s] -- Installing: /home/peto/action_ws/install/action_tutorials_cpp/share/action_tutorials_cpp/local_setup.dsv
[6.318s] -- Installing: /home/peto/action_ws/install/action_tutorials_cpp/share/action_tutorials_cpp/package.dsv
[6.318s] -- Up-to-date: /home/peto/action_ws/install/action_tutorials_cpp/share/ament_index/resource_index/packages/action_tutorials_cpp
[6.318s] -- Installing: /home/peto/action_ws/install/action_tutorials_cpp/share/ament_index/resource_index/rclcpp_components/action_tutorials_cpp
[6.319s] -- Up-to-date: /home/peto/action_ws/install/action_tutorials_cpp/share/action_tutorials_cpp/cmake/action_tutorials_cppConfig.cmake
[6.319s] -- Up-to-date: /home/peto/action_ws/install/action_tutorials_cpp/share/action_tutorials_cpp/cmake/action_tutorials_cppConfig-version.cmake
[6.319s] -- Up-to-date: /home/peto/action_ws/install/action_tutorials_cpp/share/action_tutorials_cpp/package.xml
[6.322s] Invoked command in '/home/peto/action_ws/build/action_tutorials_cpp' returned '0': CMAKE_PREFIX_PATH=/home/peto/action_ws/install/action_tutorials_interfaces:/home/peto/dev_ws/install/cpp_srvcli:/home/peto/dev_ws/install/cpp_pubsub:/home/peto/dev_ws/install/turtlesim:/home/peto/dev_ws/install/my_package:/opt/ros/galactic:/opt/ros/noetic /usr/bin/cmake --install /home/peto/action_ws/build/action_tutorials_cpp
