[0.011s] Invoking command in '/home/peto/action_ws/build/action_tutorials_interfaces': CMAKE_PREFIX_PATH=/home/peto/action_ws/install/action_tutorials_interfaces:/home/peto/dev_ws/install/cpp_srvcli:/home/peto/dev_ws/install/cpp_pubsub:/home/peto/dev_ws/install/turtlesim:/home/peto/dev_ws/install/my_package:/opt/ros/galactic:/opt/ros/noetic /usr/bin/cmake --build /home/peto/action_ws/build/action_tutorials_interfaces -- -j1 -l1
[0.060s] [  3%] Built target action_tutorials_interfaces__cpp
[0.077s] [ 12%] Built target action_tutorials_interfaces__rosidl_typesupport_introspection_cpp
[0.092s] [ 22%] Built target action_tutorials_interfaces__rosidl_generator_c
[0.116s] [ 32%] Built target action_tutorials_interfaces__rosidl_typesupport_fastrtps_cpp
[0.138s] [ 41%] Built target action_tutorials_interfaces__rosidl_typesupport_fastrtps_c
[0.154s] [ 51%] Built target action_tutorials_interfaces__rosidl_typesupport_cpp
[0.174s] [ 61%] Built target action_tutorials_interfaces__rosidl_typesupport_introspection_c
[0.191s] [ 70%] Built target action_tutorials_interfaces__rosidl_typesupport_c
[0.206s] [ 70%] Built target action_tutorials_interfaces
[0.221s] [ 74%] Built target action_tutorials_interfaces__py
[0.242s] [ 80%] Built target action_tutorials_interfaces__python
[0.264s] [ 87%] Built target action_tutorials_interfaces__rosidl_typesupport_fastrtps_c__pyext
[0.283s] [ 93%] Built target action_tutorials_interfaces__rosidl_typesupport_c__pyext
[0.302s] [100%] Built target action_tutorials_interfaces__rosidl_typesupport_introspection_c__pyext
[0.312s] Invoked command in '/home/peto/action_ws/build/action_tutorials_interfaces' returned '0': CMAKE_PREFIX_PATH=/home/peto/action_ws/install/action_tutorials_interfaces:/home/peto/dev_ws/install/cpp_srvcli:/home/peto/dev_ws/install/cpp_pubsub:/home/peto/dev_ws/install/turtlesim:/home/peto/dev_ws/install/my_package:/opt/ros/galactic:/opt/ros/noetic /usr/bin/cmake --build /home/peto/action_ws/build/action_tutorials_interfaces -- -j1 -l1
[0.361s] Invoking command in '/home/peto/action_ws/build/action_tutorials_interfaces': CMAKE_PREFIX_PATH=/home/peto/action_ws/install/action_tutorials_interfaces:/home/peto/dev_ws/install/cpp_srvcli:/home/peto/dev_ws/install/cpp_pubsub:/home/peto/dev_ws/install/turtlesim:/home/peto/dev_ws/install/my_package:/opt/ros/galactic:/opt/ros/noetic /usr/bin/cmake --install /home/peto/action_ws/build/action_tutorials_interfaces
[0.369s] -- Install configuration: ""
[0.369s] -- Up-to-date: /home/peto/action_ws/install/action_tutorials_interfaces/share/ament_index/resource_index/rosidl_interfaces/action_tutorials_interfaces
[0.369s] -- Up-to-date: /home/peto/action_ws/install/action_tutorials_interfaces/include/action_tutorials_interfaces
[0.369s] -- Up-to-date: /home/peto/action_ws/install/action_tutorials_interfaces/include/action_tutorials_interfaces/msg
[0.370s] -- Up-to-date: /home/peto/action_ws/install/action_tutorials_interfaces/include/action_tutorials_interfaces/msg/rosidl_generator_c__visibility_control.h
[0.370s] -- Up-to-date: /home/peto/action_ws/install/action_tutorials_interfaces/include/action_tutorials_interfaces/action
[0.370s] -- Up-to-date: /home/peto/action_ws/install/action_tutorials_interfaces/include/action_tutorials_interfaces/action/fibonacci.h
[0.370s] -- Up-to-date: /home/peto/action_ws/install/action_tutorials_interfaces/include/action_tutorials_interfaces/action/detail
[0.370s] -- Up-to-date: /home/peto/action_ws/install/action_tutorials_interfaces/include/action_tutorials_interfaces/action/detail/fibonacci__functions.h
[0.370s] -- Up-to-date: /home/peto/action_ws/install/action_tutorials_interfaces/include/action_tutorials_interfaces/action/detail/fibonacci__struct.h
[0.370s] -- Up-to-date: /home/peto/action_ws/install/action_tutorials_interfaces/include/action_tutorials_interfaces/action/detail/fibonacci__type_support.h
[0.370s] -- Up-to-date: /home/peto/action_ws/install/action_tutorials_interfaces/include/action_tutorials_interfaces/action/detail/fibonacci__functions.c
[0.370s] -- Up-to-date: /home/peto/action_ws/install/action_tutorials_interfaces/share/action_tutorials_interfaces/environment/library_path.sh
[0.370s] -- Up-to-date: /home/peto/action_ws/install/action_tutorials_interfaces/share/action_tutorials_interfaces/environment/library_path.dsv
[0.371s] -- Up-to-date: /home/peto/action_ws/install/action_tutorials_interfaces/lib/libaction_tutorials_interfaces__rosidl_generator_c.so
[0.371s] -- Up-to-date: /home/peto/action_ws/install/action_tutorials_interfaces/include/action_tutorials_interfaces
[0.371s] -- Up-to-date: /home/peto/action_ws/install/action_tutorials_interfaces/include/action_tutorials_interfaces/msg
[0.371s] -- Up-to-date: /home/peto/action_ws/install/action_tutorials_interfaces/include/action_tutorials_interfaces/msg/rosidl_typesupport_fastrtps_c__visibility_control.h
[0.371s] -- Up-to-date: /home/peto/action_ws/install/action_tutorials_interfaces/include/action_tutorials_interfaces/action
[0.371s] -- Up-to-date: /home/peto/action_ws/install/action_tutorials_interfaces/include/action_tutorials_interfaces/action/detail
[0.371s] -- Up-to-date: /home/peto/action_ws/install/action_tutorials_interfaces/include/action_tutorials_interfaces/action/detail/fibonacci__rosidl_typesupport_fastrtps_c.h
[0.371s] -- Up-to-date: /home/peto/action_ws/install/action_tutorials_interfaces/lib/libaction_tutorials_interfaces__rosidl_typesupport_fastrtps_c.so
[0.372s] -- Up-to-date: /home/peto/action_ws/install/action_tutorials_interfaces/include/action_tutorials_interfaces
[0.372s] -- Up-to-date: /home/peto/action_ws/install/action_tutorials_interfaces/include/action_tutorials_interfaces/msg
[0.372s] -- Up-to-date: /home/peto/action_ws/install/action_tutorials_interfaces/include/action_tutorials_interfaces/msg/rosidl_typesupport_fastrtps_cpp__visibility_control.h
[0.372s] -- Up-to-date: /home/peto/action_ws/install/action_tutorials_interfaces/include/action_tutorials_interfaces/action
[0.372s] -- Up-to-date: /home/peto/action_ws/install/action_tutorials_interfaces/include/action_tutorials_interfaces/action/detail
[0.372s] -- Up-to-date: /home/peto/action_ws/install/action_tutorials_interfaces/include/action_tutorials_interfaces/action/detail/dds_fastrtps
[0.372s] -- Up-to-date: /home/peto/action_ws/install/action_tutorials_interfaces/include/action_tutorials_interfaces/action/detail/fibonacci__rosidl_typesupport_fastrtps_cpp.hpp
[0.372s] -- Up-to-date: /home/peto/action_ws/install/action_tutorials_interfaces/lib/libaction_tutorials_interfaces__rosidl_typesupport_fastrtps_cpp.so
[0.373s] -- Up-to-date: /home/peto/action_ws/install/action_tutorials_interfaces/include/action_tutorials_interfaces
[0.373s] -- Up-to-date: /home/peto/action_ws/install/action_tutorials_interfaces/include/action_tutorials_interfaces/msg
[0.373s] -- Up-to-date: /home/peto/action_ws/install/action_tutorials_interfaces/include/action_tutorials_interfaces/msg/rosidl_typesupport_introspection_c__visibility_control.h
[0.373s] -- Up-to-date: /home/peto/action_ws/install/action_tutorials_interfaces/include/action_tutorials_interfaces/action
[0.373s] -- Up-to-date: /home/peto/action_ws/install/action_tutorials_interfaces/include/action_tutorials_interfaces/action/detail
[0.373s] -- Up-to-date: /home/peto/action_ws/install/action_tutorials_interfaces/include/action_tutorials_interfaces/action/detail/fibonacci__type_support.c
[0.373s] -- Up-to-date: /home/peto/action_ws/install/action_tutorials_interfaces/include/action_tutorials_interfaces/action/detail/fibonacci__rosidl_typesupport_introspection_c.h
[0.373s] -- Up-to-date: /home/peto/action_ws/install/action_tutorials_interfaces/lib/libaction_tutorials_interfaces__rosidl_typesupport_introspection_c.so
[0.374s] -- Up-to-date: /home/peto/action_ws/install/action_tutorials_interfaces/lib/libaction_tutorials_interfaces__rosidl_typesupport_c.so
[0.374s] -- Up-to-date: /home/peto/action_ws/install/action_tutorials_interfaces/include/action_tutorials_interfaces
[0.374s] -- Up-to-date: /home/peto/action_ws/install/action_tutorials_interfaces/include/action_tutorials_interfaces/action
[0.374s] -- Up-to-date: /home/peto/action_ws/install/action_tutorials_interfaces/include/action_tutorials_interfaces/action/fibonacci.hpp
[0.374s] -- Up-to-date: /home/peto/action_ws/install/action_tutorials_interfaces/include/action_tutorials_interfaces/action/detail
[0.374s] -- Up-to-date: /home/peto/action_ws/install/action_tutorials_interfaces/include/action_tutorials_interfaces/action/detail/fibonacci__traits.hpp
[0.374s] -- Up-to-date: /home/peto/action_ws/install/action_tutorials_interfaces/include/action_tutorials_interfaces/action/detail/fibonacci__builder.hpp
[0.375s] -- Up-to-date: /home/peto/action_ws/install/action_tutorials_interfaces/include/action_tutorials_interfaces/action/detail/fibonacci__struct.hpp
[0.375s] -- Up-to-date: /home/peto/action_ws/install/action_tutorials_interfaces/include/action_tutorials_interfaces
[0.375s] -- Up-to-date: /home/peto/action_ws/install/action_tutorials_interfaces/include/action_tutorials_interfaces/action
[0.375s] -- Up-to-date: /home/peto/action_ws/install/action_tutorials_interfaces/include/action_tutorials_interfaces/action/detail
[0.375s] -- Up-to-date: /home/peto/action_ws/install/action_tutorials_interfaces/include/action_tutorials_interfaces/action/detail/fibonacci__type_support.cpp
[0.375s] -- Up-to-date: /home/peto/action_ws/install/action_tutorials_interfaces/include/action_tutorials_interfaces/action/detail/fibonacci__rosidl_typesupport_introspection_cpp.hpp
[0.375s] -- Up-to-date: /home/peto/action_ws/install/action_tutorials_interfaces/lib/libaction_tutorials_interfaces__rosidl_typesupport_introspection_cpp.so
[0.376s] -- Up-to-date: /home/peto/action_ws/install/action_tutorials_interfaces/lib/libaction_tutorials_interfaces__rosidl_typesupport_cpp.so
[0.376s] -- Up-to-date: /home/peto/action_ws/install/action_tutorials_interfaces/share/action_tutorials_interfaces/environment/pythonpath.sh
[0.376s] -- Up-to-date: /home/peto/action_ws/install/action_tutorials_interfaces/share/action_tutorials_interfaces/environment/pythonpath.dsv
[0.376s] -- Up-to-date: /home/peto/action_ws/install/action_tutorials_interfaces/lib/python3.8/site-packages/action_tutorials_interfaces/__init__.py
[0.400s] -- Up-to-date: /home/peto/action_ws/install/action_tutorials_interfaces/lib/python3.8/site-packages/action_tutorials_interfaces/action
[0.400s] -- Up-to-date: /home/peto/action_ws/install/action_tutorials_interfaces/lib/python3.8/site-packages/action_tutorials_interfaces/action/_fibonacci_s.c
[0.400s] -- Up-to-date: /home/peto/action_ws/install/action_tutorials_interfaces/lib/python3.8/site-packages/action_tutorials_interfaces/action/__init__.py
[0.400s] -- Up-to-date: /home/peto/action_ws/install/action_tutorials_interfaces/lib/python3.8/site-packages/action_tutorials_interfaces/action/_fibonacci.py
[0.400s] -- Up-to-date: /home/peto/action_ws/install/action_tutorials_interfaces/lib/python3.8/site-packages/action_tutorials_interfaces/action_tutorials_interfaces_s__rosidl_typesupport_fastrtps_c.cpython-38-x86_64-linux-gnu.so
[0.401s] -- Up-to-date: /home/peto/action_ws/install/action_tutorials_interfaces/lib/python3.8/site-packages/action_tutorials_interfaces/action_tutorials_interfaces_s__rosidl_typesupport_introspection_c.cpython-38-x86_64-linux-gnu.so
[0.402s] -- Up-to-date: /home/peto/action_ws/install/action_tutorials_interfaces/lib/python3.8/site-packages/action_tutorials_interfaces/action_tutorials_interfaces_s__rosidl_typesupport_c.cpython-38-x86_64-linux-gnu.so
[0.402s] -- Up-to-date: /home/peto/action_ws/install/action_tutorials_interfaces/lib/libaction_tutorials_interfaces__python.so
[0.402s] -- Up-to-date: /home/peto/action_ws/install/action_tutorials_interfaces/share/action_tutorials_interfaces/action/Fibonacci.idl
[0.402s] -- Up-to-date: /home/peto/action_ws/install/action_tutorials_interfaces/share/action_tutorials_interfaces/action/Fibonacci.action
[0.403s] -- Up-to-date: /home/peto/action_ws/install/action_tutorials_interfaces/share/ament_index/resource_index/package_run_dependencies/action_tutorials_interfaces
[0.403s] -- Up-to-date: /home/peto/action_ws/install/action_tutorials_interfaces/share/ament_index/resource_index/parent_prefix_path/action_tutorials_interfaces
[0.403s] -- Up-to-date: /home/peto/action_ws/install/action_tutorials_interfaces/share/action_tutorials_interfaces/environment/ament_prefix_path.sh
[0.403s] -- Up-to-date: /home/peto/action_ws/install/action_tutorials_interfaces/share/action_tutorials_interfaces/environment/ament_prefix_path.dsv
[0.403s] -- Up-to-date: /home/peto/action_ws/install/action_tutorials_interfaces/share/action_tutorials_interfaces/environment/path.sh
[0.403s] -- Up-to-date: /home/peto/action_ws/install/action_tutorials_interfaces/share/action_tutorials_interfaces/environment/path.dsv
[0.403s] -- Up-to-date: /home/peto/action_ws/install/action_tutorials_interfaces/share/action_tutorials_interfaces/local_setup.bash
[0.403s] -- Up-to-date: /home/peto/action_ws/install/action_tutorials_interfaces/share/action_tutorials_interfaces/local_setup.sh
[0.403s] -- Up-to-date: /home/peto/action_ws/install/action_tutorials_interfaces/share/action_tutorials_interfaces/local_setup.zsh
[0.404s] -- Up-to-date: /home/peto/action_ws/install/action_tutorials_interfaces/share/action_tutorials_interfaces/local_setup.dsv
[0.404s] -- Installing: /home/peto/action_ws/install/action_tutorials_interfaces/share/action_tutorials_interfaces/package.dsv
[0.404s] -- Up-to-date: /home/peto/action_ws/install/action_tutorials_interfaces/share/ament_index/resource_index/packages/action_tutorials_interfaces
[0.404s] -- Up-to-date: /home/peto/action_ws/install/action_tutorials_interfaces/share/action_tutorials_interfaces/cmake/action_tutorials_interfaces__rosidl_generator_cExport.cmake
[0.404s] -- Up-to-date: /home/peto/action_ws/install/action_tutorials_interfaces/share/action_tutorials_interfaces/cmake/action_tutorials_interfaces__rosidl_generator_cExport-noconfig.cmake
[0.405s] -- Up-to-date: /home/peto/action_ws/install/action_tutorials_interfaces/share/action_tutorials_interfaces/cmake/action_tutorials_interfaces__rosidl_typesupport_introspection_cExport.cmake
[0.405s] -- Up-to-date: /home/peto/action_ws/install/action_tutorials_interfaces/share/action_tutorials_interfaces/cmake/action_tutorials_interfaces__rosidl_typesupport_introspection_cExport-noconfig.cmake
[0.405s] -- Up-to-date: /home/peto/action_ws/install/action_tutorials_interfaces/share/action_tutorials_interfaces/cmake/action_tutorials_interfaces__rosidl_typesupport_cExport.cmake
[0.405s] -- Up-to-date: /home/peto/action_ws/install/action_tutorials_interfaces/share/action_tutorials_interfaces/cmake/action_tutorials_interfaces__rosidl_typesupport_cExport-noconfig.cmake
[0.405s] -- Up-to-date: /home/peto/action_ws/install/action_tutorials_interfaces/share/action_tutorials_interfaces/cmake/action_tutorials_interfaces__rosidl_generator_cppExport.cmake
[0.405s] -- Up-to-date: /home/peto/action_ws/install/action_tutorials_interfaces/share/action_tutorials_interfaces/cmake/action_tutorials_interfaces__rosidl_typesupport_introspection_cppExport.cmake
[0.406s] -- Up-to-date: /home/peto/action_ws/install/action_tutorials_interfaces/share/action_tutorials_interfaces/cmake/action_tutorials_interfaces__rosidl_typesupport_introspection_cppExport-noconfig.cmake
[0.406s] -- Up-to-date: /home/peto/action_ws/install/action_tutorials_interfaces/share/action_tutorials_interfaces/cmake/action_tutorials_interfaces__rosidl_typesupport_cppExport.cmake
[0.406s] -- Up-to-date: /home/peto/action_ws/install/action_tutorials_interfaces/share/action_tutorials_interfaces/cmake/action_tutorials_interfaces__rosidl_typesupport_cppExport-noconfig.cmake
[0.406s] -- Up-to-date: /home/peto/action_ws/install/action_tutorials_interfaces/share/action_tutorials_interfaces/cmake/rosidl_cmake-extras.cmake
[0.406s] -- Up-to-date: /home/peto/action_ws/install/action_tutorials_interfaces/share/action_tutorials_interfaces/cmake/ament_cmake_export_dependencies-extras.cmake
[0.406s] -- Up-to-date: /home/peto/action_ws/install/action_tutorials_interfaces/share/action_tutorials_interfaces/cmake/ament_cmake_export_libraries-extras.cmake
[0.406s] -- Up-to-date: /home/peto/action_ws/install/action_tutorials_interfaces/share/action_tutorials_interfaces/cmake/ament_cmake_export_targets-extras.cmake
[0.406s] -- Up-to-date: /home/peto/action_ws/install/action_tutorials_interfaces/share/action_tutorials_interfaces/cmake/ament_cmake_export_include_directories-extras.cmake
[0.407s] -- Up-to-date: /home/peto/action_ws/install/action_tutorials_interfaces/share/action_tutorials_interfaces/cmake/rosidl_cmake_export_typesupport_libraries-extras.cmake
[0.407s] -- Up-to-date: /home/peto/action_ws/install/action_tutorials_interfaces/share/action_tutorials_interfaces/cmake/rosidl_cmake_export_typesupport_targets-extras.cmake
[0.407s] -- Up-to-date: /home/peto/action_ws/install/action_tutorials_interfaces/share/action_tutorials_interfaces/cmake/action_tutorials_interfacesConfig.cmake
[0.407s] -- Up-to-date: /home/peto/action_ws/install/action_tutorials_interfaces/share/action_tutorials_interfaces/cmake/action_tutorials_interfacesConfig-version.cmake
[0.407s] -- Up-to-date: /home/peto/action_ws/install/action_tutorials_interfaces/share/action_tutorials_interfaces/package.xml
[0.412s] Invoked command in '/home/peto/action_ws/build/action_tutorials_interfaces' returned '0': CMAKE_PREFIX_PATH=/home/peto/action_ws/install/action_tutorials_interfaces:/home/peto/dev_ws/install/cpp_srvcli:/home/peto/dev_ws/install/cpp_pubsub:/home/peto/dev_ws/install/turtlesim:/home/peto/dev_ws/install/my_package:/opt/ros/galactic:/opt/ros/noetic /usr/bin/cmake --install /home/peto/action_ws/build/action_tutorials_interfaces
