[0.015s] Invoking command in '/home/peto/action_ws/build/action_tutorials_interfaces': CMAKE_PREFIX_PATH=/home/peto/dev_ws/install/turtlesim:/home/peto/dev_ws/install/my_package:/opt/ros/galactic:/opt/ros/noetic /usr/bin/cmake /home/peto/action_ws/src/action_tutorials_interfaces -DCMAKE_INSTALL_PREFIX=/home/peto/action_ws/install/action_tutorials_interfaces
[0.065s] -- The C compiler identification is GNU 9.4.0
[0.106s] -- The CXX compiler identification is GNU 9.4.0
[0.114s] -- Check for working C compiler: /usr/bin/cc
[0.169s] -- Check for working C compiler: /usr/bin/cc -- works
[0.170s] -- Detecting C compiler ABI info
[0.223s] -- Detecting C compiler ABI info - done
[0.233s] -- Detecting C compile features
[0.233s] -- Detecting C compile features - done
[0.235s] -- Check for working CXX compiler: /usr/bin/c++
[0.298s] -- Check for working CXX compiler: /usr/bin/c++ -- works
[0.299s] -- Detecting CXX compiler ABI info
[0.364s] -- Detecting CXX compiler ABI info - done
[0.372s] -- Detecting CXX compile features
[0.373s] -- Detecting CXX compile features - done
[0.375s] -- Found ament_cmake: 1.1.5 (/opt/ros/galactic/share/ament_cmake/cmake)
[0.393s] -- Found PythonInterp: /usr/bin/python3 (found suitable version "3.8.10", minimum required is "3") 
[0.393s] -- Using PYTHON_EXECUTABLE: /usr/bin/python3
[0.470s] -- Found ament_lint_auto: 0.10.6 (/opt/ros/galactic/share/ament_lint_auto/cmake)
[0.536s] -- Found rosidl_default_generators: 1.1.1 (/opt/ros/galactic/share/rosidl_default_generators/cmake)
[0.539s] -- Using all available rosidl_typesupport_c: rosidl_typesupport_fastrtps_c;rosidl_typesupport_introspection_c
[0.544s] -- Found rosidl_adapter: 2.2.1 (/opt/ros/galactic/share/rosidl_adapter/cmake)
[0.621s] -- Found OpenSSL: /usr/lib/x86_64-linux-gnu/libcrypto.so (found version "1.1.1f")  
[0.650s] -- Found FastRTPS: /opt/ros/galactic/include  
[0.717s] -- Using all available rosidl_typesupport_cpp: rosidl_typesupport_fastrtps_cpp;rosidl_typesupport_introspection_cpp
[0.742s] CMake Error at /opt/ros/galactic/share/rosidl_cmake/cmake/rosidl_generate_interfaces.cmake:93 (message):
[0.742s]   rosidl_generate_interfaces() the passed file 'action/Fibonacci.action'
[0.742s]   doesn't exist relative to the CMAKE_CURRENT_SOURCE_DIR
[0.742s]   '/home/peto/action_ws/src/action_tutorials_interfaces'
[0.742s] Call Stack (most recent call first):
[0.742s]   CMakeLists.txt:27 (rosidl_generate_interfaces)
[0.742s] 
[0.742s] 
[0.743s] -- Configuring incomplete, errors occurred!
[0.743s] See also "/home/peto/action_ws/build/action_tutorials_interfaces/CMakeFiles/CMakeOutput.log".
[0.752s] Invoked command in '/home/peto/action_ws/build/action_tutorials_interfaces' returned '1': CMAKE_PREFIX_PATH=/home/peto/dev_ws/install/turtlesim:/home/peto/dev_ws/install/my_package:/opt/ros/galactic:/opt/ros/noetic /usr/bin/cmake /home/peto/action_ws/src/action_tutorials_interfaces -DCMAKE_INSTALL_PREFIX=/home/peto/action_ws/install/action_tutorials_interfaces
