[0.013s] Invoking command in '/home/peto/action_ws/build/action_tutorials_cpp': CMAKE_PREFIX_PATH=/home/peto/action_ws/install/action_tutorials_interfaces:/home/peto/dev_ws/install/cpp_srvcli:/home/peto/dev_ws/install/cpp_pubsub:/home/peto/dev_ws/install/turtlesim:/home/peto/dev_ws/install/my_package:/opt/ros/galactic:/opt/ros/noetic /usr/bin/cmake /home/peto/action_ws/src/action_tutorials_cpp -DCMAKE_INSTALL_PREFIX=/home/peto/action_ws/install/action_tutorials_cpp
[0.075s] -- The C compiler identification is GNU 9.4.0
[0.116s] -- The CXX compiler identification is GNU 9.4.0
[0.119s] -- Check for working C compiler: /usr/bin/cc
[0.170s] -- Check for working C compiler: /usr/bin/cc -- works
[0.171s] -- Detecting C compiler ABI info
[0.219s] -- Detecting C compiler ABI info - done
[0.227s] -- Detecting C compile features
[0.227s] -- Detecting C compile features - done
[0.229s] -- Check for working CXX compiler: /usr/bin/c++
[0.289s] -- Check for working CXX compiler: /usr/bin/c++ -- works
[0.290s] -- Detecting CXX compiler ABI info
[0.352s] -- Detecting CXX compiler ABI info - done
[0.363s] -- Detecting CXX compile features
[0.363s] -- Detecting CXX compile features - done
[0.365s] -- Found ament_cmake: 1.1.5 (/opt/ros/galactic/share/ament_cmake/cmake)
[0.382s] -- Found PythonInterp: /usr/bin/python3 (found suitable version "3.8.10", minimum required is "3") 
[0.383s] -- Using PYTHON_EXECUTABLE: /usr/bin/python3
[0.438s] -- Found action_tutorials_interfaces: 0.0.0 (/home/peto/action_ws/install/action_tutorials_interfaces/share/action_tutorials_interfaces/cmake)
[0.468s] -- Using all available rosidl_typesupport_c: rosidl_typesupport_fastrtps_c;rosidl_typesupport_introspection_c
[0.473s] -- Found rosidl_adapter: 2.2.1 (/opt/ros/galactic/share/rosidl_adapter/cmake)
[0.531s] -- Found OpenSSL: /usr/lib/x86_64-linux-gnu/libcrypto.so (found version "1.1.1f")  
[0.559s] -- Found FastRTPS: /opt/ros/galactic/include  
[0.620s] -- Using all available rosidl_typesupport_cpp: rosidl_typesupport_fastrtps_cpp;rosidl_typesupport_introspection_cpp
[0.712s] -- Found rclcpp: 9.2.0 (/opt/ros/galactic/share/rclcpp/cmake)
[0.748s] -- Found rmw_implementation_cmake: 3.3.1 (/opt/ros/galactic/share/rmw_implementation_cmake/cmake)
[0.750s] -- Found rmw_cyclonedds_cpp: 0.22.4 (/opt/ros/galactic/share/rmw_cyclonedds_cpp/cmake)
[0.766s] -- Using RMW implementation 'rmw_cyclonedds_cpp' as default
[0.767s] -- Looking for pthread.h
[0.818s] -- Looking for pthread.h - found
[0.818s] -- Performing Test CMAKE_HAVE_LIBC_PTHREAD
[0.874s] -- Performing Test CMAKE_HAVE_LIBC_PTHREAD - Failed
[0.875s] -- Looking for pthread_create in pthreads
[0.922s] -- Looking for pthread_create in pthreads - not found
[0.922s] -- Looking for pthread_create in pthread
[0.980s] -- Looking for pthread_create in pthread - found
[0.982s] -- Found Threads: TRUE  
[1.097s] -- Found rclcpp_action: 9.2.0 (/opt/ros/galactic/share/rclcpp_action/cmake)
[1.130s] -- Found rclcpp_components: 9.2.0 (/opt/ros/galactic/share/rclcpp_components/cmake)
[1.188s] -- Found ament_lint_auto: 0.10.6 (/opt/ros/galactic/share/ament_lint_auto/cmake)
[1.246s] -- Added test 'copyright' to check source files copyright and LICENSE
[1.248s] -- Added test 'cppcheck' to perform static code analysis on C / C++ code
[1.248s] -- Configured cppcheck include dirs: $<BUILD_INTERFACE:/home/peto/action_ws/src/action_tutorials_cpp/include>
[1.248s] -- Configured cppcheck exclude dirs and/or files: 
[1.249s] -- Added test 'cpplint' to check C / C++ code against the Google style
[1.249s] -- Configured cpplint exclude dirs and/or files: 
[1.249s] -- Added test 'lint_cmake' to check CMake code style
[1.250s] -- Added test 'uncrustify' to check C / C++ code style
[1.250s] -- Configured uncrustify additional arguments: 
[1.251s] -- Added test 'xmllint' to check XML markup files
[1.254s] -- Configuring done
[1.266s] -- Generating done
[1.267s] -- Build files have been written to: /home/peto/action_ws/build/action_tutorials_cpp
[1.278s] Invoked command in '/home/peto/action_ws/build/action_tutorials_cpp' returned '0': CMAKE_PREFIX_PATH=/home/peto/action_ws/install/action_tutorials_interfaces:/home/peto/dev_ws/install/cpp_srvcli:/home/peto/dev_ws/install/cpp_pubsub:/home/peto/dev_ws/install/turtlesim:/home/peto/dev_ws/install/my_package:/opt/ros/galactic:/opt/ros/noetic /usr/bin/cmake /home/peto/action_ws/src/action_tutorials_cpp -DCMAKE_INSTALL_PREFIX=/home/peto/action_ws/install/action_tutorials_cpp
[1.279s] Invoking command in '/home/peto/action_ws/build/action_tutorials_cpp': CMAKE_PREFIX_PATH=/home/peto/action_ws/install/action_tutorials_interfaces:/home/peto/dev_ws/install/cpp_srvcli:/home/peto/dev_ws/install/cpp_pubsub:/home/peto/dev_ws/install/turtlesim:/home/peto/dev_ws/install/my_package:/opt/ros/galactic:/opt/ros/noetic /usr/bin/cmake --build /home/peto/action_ws/build/action_tutorials_cpp -- -j1 -l1
[1.314s] [35m[1mScanning dependencies of target fibonacci_action_server[0m
[1.346s] [ 25%] [32mBuilding CXX object CMakeFiles/fibonacci_action_server.dir/rclcpp_components/node_main_fibonacci_action_server.cpp.o[0m
[3.590s] [ 50%] [32m[1mLinking CXX executable fibonacci_action_server[0m
[3.708s] [ 50%] Built target fibonacci_action_server
[3.715s] [35m[1mScanning dependencies of target action_server[0m
[3.757s] [ 75%] [32mBuilding CXX object CMakeFiles/action_server.dir/src/fibonacci_action_server.cpp.o[0m
[6.498s] [100%] [32m[1mLinking CXX shared library libaction_server.so[0m
[6.627s] [100%] Built target action_server
[6.638s] Invoked command in '/home/peto/action_ws/build/action_tutorials_cpp' returned '0': CMAKE_PREFIX_PATH=/home/peto/action_ws/install/action_tutorials_interfaces:/home/peto/dev_ws/install/cpp_srvcli:/home/peto/dev_ws/install/cpp_pubsub:/home/peto/dev_ws/install/turtlesim:/home/peto/dev_ws/install/my_package:/opt/ros/galactic:/opt/ros/noetic /usr/bin/cmake --build /home/peto/action_ws/build/action_tutorials_cpp -- -j1 -l1
[6.659s] Invoking command in '/home/peto/action_ws/build/action_tutorials_cpp': CMAKE_PREFIX_PATH=/home/peto/action_ws/install/action_tutorials_interfaces:/home/peto/dev_ws/install/cpp_srvcli:/home/peto/dev_ws/install/cpp_pubsub:/home/peto/dev_ws/install/turtlesim:/home/peto/dev_ws/install/my_package:/opt/ros/galactic:/opt/ros/noetic /usr/bin/cmake --install /home/peto/action_ws/build/action_tutorials_cpp
[6.667s] -- Install configuration: ""
[6.668s] -- Installing: /home/peto/action_ws/install/action_tutorials_cpp/lib/action_tutorials_cpp/fibonacci_action_server
[6.668s] -- Set runtime path of "/home/peto/action_ws/install/action_tutorials_cpp/lib/action_tutorials_cpp/fibonacci_action_server" to ""
[6.668s] -- Installing: /home/peto/action_ws/install/action_tutorials_cpp/lib/libaction_server.so
[6.670s] -- Set runtime path of "/home/peto/action_ws/install/action_tutorials_cpp/lib/libaction_server.so" to ""
[6.670s] -- Installing: /home/peto/action_ws/install/action_tutorials_cpp/share/ament_index/resource_index/package_run_dependencies/action_tutorials_cpp
[6.670s] -- Installing: /home/peto/action_ws/install/action_tutorials_cpp/share/ament_index/resource_index/parent_prefix_path/action_tutorials_cpp
[6.670s] -- Installing: /home/peto/action_ws/install/action_tutorials_cpp/share/action_tutorials_cpp/environment/ament_prefix_path.sh
[6.671s] -- Installing: /home/peto/action_ws/install/action_tutorials_cpp/share/action_tutorials_cpp/environment/ament_prefix_path.dsv
[6.671s] -- Installing: /home/peto/action_ws/install/action_tutorials_cpp/share/action_tutorials_cpp/environment/path.sh
[6.671s] -- Installing: /home/peto/action_ws/install/action_tutorials_cpp/share/action_tutorials_cpp/environment/path.dsv
[6.671s] -- Installing: /home/peto/action_ws/install/action_tutorials_cpp/share/action_tutorials_cpp/local_setup.bash
[6.671s] -- Installing: /home/peto/action_ws/install/action_tutorials_cpp/share/action_tutorials_cpp/local_setup.sh
[6.671s] -- Installing: /home/peto/action_ws/install/action_tutorials_cpp/share/action_tutorials_cpp/local_setup.zsh
[6.672s] -- Installing: /home/peto/action_ws/install/action_tutorials_cpp/share/action_tutorials_cpp/local_setup.dsv
[6.672s] -- Installing: /home/peto/action_ws/install/action_tutorials_cpp/share/action_tutorials_cpp/package.dsv
[6.672s] -- Installing: /home/peto/action_ws/install/action_tutorials_cpp/share/ament_index/resource_index/packages/action_tutorials_cpp
[6.672s] -- Installing: /home/peto/action_ws/install/action_tutorials_cpp/share/ament_index/resource_index/rclcpp_components/action_tutorials_cpp
[6.672s] -- Installing: /home/peto/action_ws/install/action_tutorials_cpp/share/action_tutorials_cpp/cmake/action_tutorials_cppConfig.cmake
[6.672s] -- Installing: /home/peto/action_ws/install/action_tutorials_cpp/share/action_tutorials_cpp/cmake/action_tutorials_cppConfig-version.cmake
[6.673s] -- Installing: /home/peto/action_ws/install/action_tutorials_cpp/share/action_tutorials_cpp/package.xml
[6.678s] Invoked command in '/home/peto/action_ws/build/action_tutorials_cpp' returned '0': CMAKE_PREFIX_PATH=/home/peto/action_ws/install/action_tutorials_interfaces:/home/peto/dev_ws/install/cpp_srvcli:/home/peto/dev_ws/install/cpp_pubsub:/home/peto/dev_ws/install/turtlesim:/home/peto/dev_ws/install/my_package:/opt/ros/galactic:/opt/ros/noetic /usr/bin/cmake --install /home/peto/action_ws/build/action_tutorials_cpp
