-- Found ament_cmake: 1.1.5 (/opt/ros/galactic/share/ament_cmake/cmake)
-- Using PYTHON_EXECUTABLE: /usr/bin/python3
-- Found action_tutorials_interfaces: 0.0.0 (/home/peto/action_ws/install/action_tutorials_interfaces/share/action_tutorials_interfaces/cmake)
-- Using all available rosidl_typesupport_c: rosidl_typesupport_fastrtps_c;rosidl_typesupport_introspection_c
-- Found rosidl_adapter: 2.2.1 (/opt/ros/galactic/share/rosidl_adapter/cmake)
-- Using all available rosidl_typesupport_cpp: rosidl_typesupport_fastrtps_cpp;rosidl_typesupport_introspection_cpp
-- Found rclcpp: 9.2.0 (/opt/ros/galactic/share/rclcpp/cmake)
-- Found rmw_implementation_cmake: 3.3.1 (/opt/ros/galactic/share/rmw_implementation_cmake/cmake)
-- Found rmw_cyclonedds_cpp: 0.22.4 (/opt/ros/galactic/share/rmw_cyclonedds_cpp/cmake)
-- Using RMW implementation 'rmw_cyclonedds_cpp' as default
-- Found rclcpp_action: 9.2.0 (/opt/ros/galactic/share/rclcpp_action/cmake)
-- Found rclcpp_components: 9.2.0 (/opt/ros/galactic/share/rclcpp_components/cmake)
-- Found ament_lint_auto: 0.10.6 (/opt/ros/galactic/share/ament_lint_auto/cmake)
-- Added test 'copyright' to check source files copyright and LICENSE
-- Added test 'cppcheck' to perform static code analysis on C / C++ code
-- Configured cppcheck include dirs: $<BUILD_INTERFACE:/home/peto/action_ws/src/action_tutorials_cpp/include>
-- Configured cppcheck exclude dirs and/or files: 
-- Added test 'cpplint' to check C / C++ code against the Google style
-- Configured cpplint exclude dirs and/or files: 
-- Added test 'lint_cmake' to check CMake code style
-- Added test 'uncrustify' to check C / C++ code style
-- Configured uncrustify additional arguments: 
-- Added test 'xmllint' to check XML markup files
-- Configuring done
-- Generating done
-- Build files have been written to: /home/peto/action_ws/build/action_tutorials_cpp
[ 50%] Built target fibonacci_action_server
[100%] Built target action_server
-- Install configuration: ""
-- Up-to-date: /home/peto/action_ws/install/action_tutorials_cpp/lib/action_tutorials_cpp/fibonacci_action_server
-- Up-to-date: /home/peto/action_ws/install/action_tutorials_cpp/lib/libaction_server.so
-- Up-to-date: /home/peto/action_ws/install/action_tutorials_cpp/share/ament_index/resource_index/package_run_dependencies/action_tutorials_cpp
-- Up-to-date: /home/peto/action_ws/install/action_tutorials_cpp/share/ament_index/resource_index/parent_prefix_path/action_tutorials_cpp
-- Up-to-date: /home/peto/action_ws/install/action_tutorials_cpp/share/action_tutorials_cpp/environment/ament_prefix_path.sh
-- Installing: /home/peto/action_ws/install/action_tutorials_cpp/share/action_tutorials_cpp/environment/ament_prefix_path.dsv
-- Up-to-date: /home/peto/action_ws/install/action_tutorials_cpp/share/action_tutorials_cpp/environment/path.sh
-- Installing: /home/peto/action_ws/install/action_tutorials_cpp/share/action_tutorials_cpp/environment/path.dsv
-- Up-to-date: /home/peto/action_ws/install/action_tutorials_cpp/share/action_tutorials_cpp/local_setup.bash
-- Up-to-date: /home/peto/action_ws/install/action_tutorials_cpp/share/action_tutorials_cpp/local_setup.sh
-- Up-to-date: /home/peto/action_ws/install/action_tutorials_cpp/share/action_tutorials_cpp/local_setup.zsh
-- Installing: /home/peto/action_ws/install/action_tutorials_cpp/share/action_tutorials_cpp/local_setup.dsv
-- Installing: /home/peto/action_ws/install/action_tutorials_cpp/share/action_tutorials_cpp/package.dsv
-- Up-to-date: /home/peto/action_ws/install/action_tutorials_cpp/share/ament_index/resource_index/packages/action_tutorials_cpp
-- Up-to-date: /home/peto/action_ws/install/action_tutorials_cpp/share/ament_index/resource_index/rclcpp_components/action_tutorials_cpp
-- Up-to-date: /home/peto/action_ws/install/action_tutorials_cpp/share/action_tutorials_cpp/cmake/action_tutorials_cppConfig.cmake
-- Up-to-date: /home/peto/action_ws/install/action_tutorials_cpp/share/action_tutorials_cpp/cmake/action_tutorials_cppConfig-version.cmake
-- Installing: /home/peto/action_ws/install/action_tutorials_cpp/share/action_tutorials_cpp/package.xml
