[0.009s] Invoking command in '/home/peto/action_ws/build/action_tutorials_interfaces': CMAKE_PREFIX_PATH=/home/peto/dev_ws/install/turtlesim:/home/peto/dev_ws/install/my_package:/opt/ros/galactic:/opt/ros/noetic /usr/bin/cmake /home/peto/action_ws/src/action_tutorials_interfaces -DCMAKE_INSTALL_PREFIX=/home/peto/action_ws/install/action_tutorials_interfaces
[0.029s] -- Found ament_cmake: 1.1.5 (/opt/ros/galactic/share/ament_cmake/cmake)
[0.052s] -- Using PYTHON_EXECUTABLE: /usr/bin/python3
[0.110s] -- Found ament_lint_auto: 0.10.6 (/opt/ros/galactic/share/ament_lint_auto/cmake)
[0.157s] -- Found rosidl_default_generators: 1.1.1 (/opt/ros/galactic/share/rosidl_default_generators/cmake)
[0.158s] -- Using all available rosidl_typesupport_c: rosidl_typesupport_fastrtps_c;rosidl_typesupport_introspection_c
[0.161s] -- Found rosidl_adapter: 2.2.1 (/opt/ros/galactic/share/rosidl_adapter/cmake)
[0.265s] -- Using all available rosidl_typesupport_cpp: rosidl_typesupport_fastrtps_cpp;rosidl_typesupport_introspection_cpp
[0.299s] -- Found PythonInterp: /usr/bin/python3 (found version "3.8.10") 
[0.407s] -- Found ament_cmake_ros: 0.9.2 (/opt/ros/galactic/share/ament_cmake_ros/cmake)
[0.518s] -- Using all available rosidl_typesupport_c: rosidl_typesupport_fastrtps_c;rosidl_typesupport_introspection_c
[0.537s] -- Using all available rosidl_typesupport_cpp: rosidl_typesupport_fastrtps_cpp;rosidl_typesupport_introspection_cpp
[0.556s] -- Found PythonInterp: /usr/bin/python3 (found suitable version "3.8.10", minimum required is "3.5") 
[0.558s] -- Found python_cmake_module: 0.8.1 (/opt/ros/galactic/share/python_cmake_module/cmake)
[0.579s] -- Found PythonLibs: /usr/lib/x86_64-linux-gnu/libpython3.8.so (found suitable version "3.8.10", minimum required is "3.5") 
[0.580s] -- Using PYTHON_EXECUTABLE: /usr/bin/python3
[0.580s] -- Using PYTHON_INCLUDE_DIRS: /usr/include/python3.8
[0.580s] -- Using PYTHON_LIBRARIES: /usr/lib/x86_64-linux-gnu/libpython3.8.so
[0.595s] -- Found PythonExtra: .so  
[0.636s] -- Added test 'copyright' to check source files copyright and LICENSE
[0.638s] -- Added test 'lint_cmake' to check CMake code style
[0.639s] -- Added test 'xmllint' to check XML markup files
[0.646s] -- Configuring done
[0.681s] -- Generating done
[0.684s] -- Build files have been written to: /home/peto/action_ws/build/action_tutorials_interfaces
[0.692s] Invoked command in '/home/peto/action_ws/build/action_tutorials_interfaces' returned '0': CMAKE_PREFIX_PATH=/home/peto/dev_ws/install/turtlesim:/home/peto/dev_ws/install/my_package:/opt/ros/galactic:/opt/ros/noetic /usr/bin/cmake /home/peto/action_ws/src/action_tutorials_interfaces -DCMAKE_INSTALL_PREFIX=/home/peto/action_ws/install/action_tutorials_interfaces
[0.693s] Invoking command in '/home/peto/action_ws/build/action_tutorials_interfaces': CMAKE_PREFIX_PATH=/home/peto/dev_ws/install/turtlesim:/home/peto/dev_ws/install/my_package:/opt/ros/galactic:/opt/ros/noetic /usr/bin/cmake --build /home/peto/action_ws/build/action_tutorials_interfaces -- -j1 -l1
[0.726s] [35m[1mScanning dependencies of target action_tutorials_interfaces__cpp[0m
[0.734s] [  3%] [34m[1mGenerating C++ code for ROS interfaces[0m
[0.985s] [  3%] Built target action_tutorials_interfaces__cpp
[0.993s] [  6%] [34m[1mGenerating C++ introspection for ROS interfaces[0m
[1.190s] [35m[1mScanning dependencies of target action_tutorials_interfaces__rosidl_typesupport_introspection_cpp[0m
[1.206s] [  9%] [32mBuilding CXX object CMakeFiles/action_tutorials_interfaces__rosidl_typesupport_introspection_cpp.dir/rosidl_typesupport_introspection_cpp/action_tutorials_interfaces/action/detail/fibonacci__type_support.cpp.o[0m
[1.564s] [ 12%] [32m[1mLinking CXX shared library libaction_tutorials_interfaces__rosidl_typesupport_introspection_cpp.so[0m
[1.615s] [ 12%] Built target action_tutorials_interfaces__rosidl_typesupport_introspection_cpp
[1.623s] [ 16%] [34m[1mGenerating C code for ROS interfaces[0m
[1.877s] [35m[1mScanning dependencies of target action_tutorials_interfaces__rosidl_generator_c[0m
[1.888s] [ 19%] [32mBuilding C object CMakeFiles/action_tutorials_interfaces__rosidl_generator_c.dir/rosidl_generator_c/action_tutorials_interfaces/action/detail/fibonacci__functions.c.o[0m
[1.952s] [ 22%] [32m[1mLinking C shared library libaction_tutorials_interfaces__rosidl_generator_c.so[0m
[1.979s] [ 22%] Built target action_tutorials_interfaces__rosidl_generator_c
[1.987s] [ 25%] [34m[1mGenerating C++ type support for eProsima Fast-RTPS[0m
[2.217s] [35m[1mScanning dependencies of target action_tutorials_interfaces__rosidl_typesupport_fastrtps_cpp[0m
[2.236s] [ 29%] [32mBuilding CXX object CMakeFiles/action_tutorials_interfaces__rosidl_typesupport_fastrtps_cpp.dir/rosidl_typesupport_fastrtps_cpp/action_tutorials_interfaces/action/detail/dds_fastrtps/fibonacci__type_support.cpp.o[0m
[2.651s] [ 32%] [32m[1mLinking CXX shared library libaction_tutorials_interfaces__rosidl_typesupport_fastrtps_cpp.so[0m
[2.730s] [ 32%] Built target action_tutorials_interfaces__rosidl_typesupport_fastrtps_cpp
[2.737s] [ 35%] [34m[1mGenerating C type support for eProsima Fast-RTPS[0m
[2.975s] [35m[1mScanning dependencies of target action_tutorials_interfaces__rosidl_typesupport_fastrtps_c[0m
[2.991s] [ 38%] [32mBuilding CXX object CMakeFiles/action_tutorials_interfaces__rosidl_typesupport_fastrtps_c.dir/rosidl_typesupport_fastrtps_c/action_tutorials_interfaces/action/detail/fibonacci__type_support_c.cpp.o[0m
[3.252s] [ 41%] [32m[1mLinking CXX shared library libaction_tutorials_interfaces__rosidl_typesupport_fastrtps_c.so[0m
[3.329s] [ 41%] Built target action_tutorials_interfaces__rosidl_typesupport_fastrtps_c
[3.337s] [ 45%] [34m[1mGenerating C++ type support dispatch for ROS interfaces[0m
[3.509s] [35m[1mScanning dependencies of target action_tutorials_interfaces__rosidl_typesupport_cpp[0m
[3.522s] [ 48%] [32mBuilding CXX object CMakeFiles/action_tutorials_interfaces__rosidl_typesupport_cpp.dir/rosidl_typesupport_cpp/action_tutorials_interfaces/action/fibonacci__type_support.cpp.o[0m
[3.835s] [ 51%] [32m[1mLinking CXX shared library libaction_tutorials_interfaces__rosidl_typesupport_cpp.so[0m
[3.867s] [ 51%] Built target action_tutorials_interfaces__rosidl_typesupport_cpp
[3.875s] [ 54%] [34m[1mGenerating C introspection for ROS interfaces[0m
[4.086s] [35m[1mScanning dependencies of target action_tutorials_interfaces__rosidl_typesupport_introspection_c[0m
[4.099s] [ 58%] [32mBuilding C object CMakeFiles/action_tutorials_interfaces__rosidl_typesupport_introspection_c.dir/rosidl_typesupport_introspection_c/action_tutorials_interfaces/action/detail/fibonacci__type_support.c.o[0m
[4.132s] [ 61%] [32m[1mLinking C shared library libaction_tutorials_interfaces__rosidl_typesupport_introspection_c.so[0m
[4.157s] [ 61%] Built target action_tutorials_interfaces__rosidl_typesupport_introspection_c
[4.165s] [ 64%] [34m[1mGenerating C type support dispatch for ROS interfaces[0m
[4.332s] [35m[1mScanning dependencies of target action_tutorials_interfaces__rosidl_typesupport_c[0m
[4.347s] [ 67%] [32mBuilding CXX object CMakeFiles/action_tutorials_interfaces__rosidl_typesupport_c.dir/rosidl_typesupport_c/action_tutorials_interfaces/action/fibonacci__type_support.cpp.o[0m
[4.382s] [ 70%] [32m[1mLinking CXX shared library libaction_tutorials_interfaces__rosidl_typesupport_c.so[0m
[4.412s] [ 70%] Built target action_tutorials_interfaces__rosidl_typesupport_c
[4.419s] [35m[1mScanning dependencies of target action_tutorials_interfaces[0m
[4.427s] [ 70%] Built target action_tutorials_interfaces
[4.435s] [35m[1mScanning dependencies of target action_tutorials_interfaces__py[0m
[4.445s] [ 74%] [34m[1mGenerating Python code for ROS interfaces[0m
[5.047s] [ 74%] Built target action_tutorials_interfaces__py
[5.055s] [35m[1mScanning dependencies of target action_tutorials_interfaces__python[0m
[5.088s] [ 77%] [32mBuilding C object CMakeFiles/action_tutorials_interfaces__python.dir/rosidl_generator_py/action_tutorials_interfaces/action/_fibonacci_s.c.o[0m
[5.197s] [ 80%] [32m[1mLinking C shared library rosidl_generator_py/action_tutorials_interfaces/libaction_tutorials_interfaces__python.so[0m
[5.231s] [ 80%] Built target action_tutorials_interfaces__python
[5.241s] [35m[1mScanning dependencies of target action_tutorials_interfaces__rosidl_typesupport_fastrtps_c__pyext[0m
[5.255s] [ 83%] [32mBuilding C object CMakeFiles/action_tutorials_interfaces__rosidl_typesupport_fastrtps_c__pyext.dir/rosidl_generator_py/action_tutorials_interfaces/_action_tutorials_interfaces_s.ep.rosidl_typesupport_fastrtps_c.c.o[0m
[5.330s] [ 87%] [32m[1mLinking CXX shared library rosidl_generator_py/action_tutorials_interfaces/action_tutorials_interfaces_s__rosidl_typesupport_fastrtps_c.cpython-38-x86_64-linux-gnu.so[0m
[5.381s] [ 87%] Built target action_tutorials_interfaces__rosidl_typesupport_fastrtps_c__pyext
[5.389s] [35m[1mScanning dependencies of target action_tutorials_interfaces__rosidl_typesupport_c__pyext[0m
[5.402s] [ 90%] [32mBuilding C object CMakeFiles/action_tutorials_interfaces__rosidl_typesupport_c__pyext.dir/rosidl_generator_py/action_tutorials_interfaces/_action_tutorials_interfaces_s.ep.rosidl_typesupport_c.c.o[0m
[5.478s] [ 93%] [32m[1mLinking C shared library rosidl_generator_py/action_tutorials_interfaces/action_tutorials_interfaces_s__rosidl_typesupport_c.cpython-38-x86_64-linux-gnu.so[0m
[5.507s] [ 93%] Built target action_tutorials_interfaces__rosidl_typesupport_c__pyext
[5.515s] [35m[1mScanning dependencies of target action_tutorials_interfaces__rosidl_typesupport_introspection_c__pyext[0m
[5.528s] [ 96%] [32mBuilding C object CMakeFiles/action_tutorials_interfaces__rosidl_typesupport_introspection_c__pyext.dir/rosidl_generator_py/action_tutorials_interfaces/_action_tutorials_interfaces_s.ep.rosidl_typesupport_introspection_c.c.o[0m
[5.601s] [100%] [32m[1mLinking C shared library rosidl_generator_py/action_tutorials_interfaces/action_tutorials_interfaces_s__rosidl_typesupport_introspection_c.cpython-38-x86_64-linux-gnu.so[0m
[5.630s] [100%] Built target action_tutorials_interfaces__rosidl_typesupport_introspection_c__pyext
[5.642s] Invoked command in '/home/peto/action_ws/build/action_tutorials_interfaces' returned '0': CMAKE_PREFIX_PATH=/home/peto/dev_ws/install/turtlesim:/home/peto/dev_ws/install/my_package:/opt/ros/galactic:/opt/ros/noetic /usr/bin/cmake --build /home/peto/action_ws/build/action_tutorials_interfaces -- -j1 -l1
[5.686s] Invoking command in '/home/peto/action_ws/build/action_tutorials_interfaces': CMAKE_PREFIX_PATH=/home/peto/dev_ws/install/turtlesim:/home/peto/dev_ws/install/my_package:/opt/ros/galactic:/opt/ros/noetic /usr/bin/cmake --install /home/peto/action_ws/build/action_tutorials_interfaces
[5.694s] -- Install configuration: ""
[5.694s] -- Installing: /home/peto/action_ws/install/action_tutorials_interfaces/share/ament_index/resource_index/rosidl_interfaces/action_tutorials_interfaces
[5.695s] -- Installing: /home/peto/action_ws/install/action_tutorials_interfaces/include/action_tutorials_interfaces
[5.695s] -- Installing: /home/peto/action_ws/install/action_tutorials_interfaces/include/action_tutorials_interfaces/msg
[5.695s] -- Installing: /home/peto/action_ws/install/action_tutorials_interfaces/include/action_tutorials_interfaces/msg/rosidl_generator_c__visibility_control.h
[5.695s] -- Installing: /home/peto/action_ws/install/action_tutorials_interfaces/include/action_tutorials_interfaces/action
[5.695s] -- Installing: /home/peto/action_ws/install/action_tutorials_interfaces/include/action_tutorials_interfaces/action/fibonacci.h
[5.695s] -- Installing: /home/peto/action_ws/install/action_tutorials_interfaces/include/action_tutorials_interfaces/action/detail
[5.695s] -- Installing: /home/peto/action_ws/install/action_tutorials_interfaces/include/action_tutorials_interfaces/action/detail/fibonacci__functions.h
[5.696s] -- Installing: /home/peto/action_ws/install/action_tutorials_interfaces/include/action_tutorials_interfaces/action/detail/fibonacci__struct.h
[5.696s] -- Installing: /home/peto/action_ws/install/action_tutorials_interfaces/include/action_tutorials_interfaces/action/detail/fibonacci__type_support.h
[5.696s] -- Installing: /home/peto/action_ws/install/action_tutorials_interfaces/include/action_tutorials_interfaces/action/detail/fibonacci__functions.c
[5.696s] -- Installing: /home/peto/action_ws/install/action_tutorials_interfaces/share/action_tutorials_interfaces/environment/library_path.sh
[5.697s] -- Installing: /home/peto/action_ws/install/action_tutorials_interfaces/share/action_tutorials_interfaces/environment/library_path.dsv
[5.697s] -- Installing: /home/peto/action_ws/install/action_tutorials_interfaces/lib/libaction_tutorials_interfaces__rosidl_generator_c.so
[5.697s] -- Set runtime path of "/home/peto/action_ws/install/action_tutorials_interfaces/lib/libaction_tutorials_interfaces__rosidl_generator_c.so" to ""
[5.697s] -- Up-to-date: /home/peto/action_ws/install/action_tutorials_interfaces/include/action_tutorials_interfaces
[5.697s] -- Up-to-date: /home/peto/action_ws/install/action_tutorials_interfaces/include/action_tutorials_interfaces/msg
[5.697s] -- Installing: /home/peto/action_ws/install/action_tutorials_interfaces/include/action_tutorials_interfaces/msg/rosidl_typesupport_fastrtps_c__visibility_control.h
[5.698s] -- Up-to-date: /home/peto/action_ws/install/action_tutorials_interfaces/include/action_tutorials_interfaces/action
[5.698s] -- Up-to-date: /home/peto/action_ws/install/action_tutorials_interfaces/include/action_tutorials_interfaces/action/detail
[5.698s] -- Installing: /home/peto/action_ws/install/action_tutorials_interfaces/include/action_tutorials_interfaces/action/detail/fibonacci__rosidl_typesupport_fastrtps_c.h
[5.698s] -- Installing: /home/peto/action_ws/install/action_tutorials_interfaces/lib/libaction_tutorials_interfaces__rosidl_typesupport_fastrtps_c.so
[5.698s] -- Set runtime path of "/home/peto/action_ws/install/action_tutorials_interfaces/lib/libaction_tutorials_interfaces__rosidl_typesupport_fastrtps_c.so" to ""
[5.698s] -- Up-to-date: /home/peto/action_ws/install/action_tutorials_interfaces/include/action_tutorials_interfaces
[5.698s] -- Up-to-date: /home/peto/action_ws/install/action_tutorials_interfaces/include/action_tutorials_interfaces/msg
[5.699s] -- Installing: /home/peto/action_ws/install/action_tutorials_interfaces/include/action_tutorials_interfaces/msg/rosidl_typesupport_fastrtps_cpp__visibility_control.h
[5.699s] -- Up-to-date: /home/peto/action_ws/install/action_tutorials_interfaces/include/action_tutorials_interfaces/action
[5.699s] -- Up-to-date: /home/peto/action_ws/install/action_tutorials_interfaces/include/action_tutorials_interfaces/action/detail
[5.699s] -- Installing: /home/peto/action_ws/install/action_tutorials_interfaces/include/action_tutorials_interfaces/action/detail/dds_fastrtps
[5.699s] -- Installing: /home/peto/action_ws/install/action_tutorials_interfaces/include/action_tutorials_interfaces/action/detail/fibonacci__rosidl_typesupport_fastrtps_cpp.hpp
[5.699s] -- Installing: /home/peto/action_ws/install/action_tutorials_interfaces/lib/libaction_tutorials_interfaces__rosidl_typesupport_fastrtps_cpp.so
[5.700s] -- Set runtime path of "/home/peto/action_ws/install/action_tutorials_interfaces/lib/libaction_tutorials_interfaces__rosidl_typesupport_fastrtps_cpp.so" to ""
[5.700s] -- Up-to-date: /home/peto/action_ws/install/action_tutorials_interfaces/include/action_tutorials_interfaces
[5.700s] -- Up-to-date: /home/peto/action_ws/install/action_tutorials_interfaces/include/action_tutorials_interfaces/msg
[5.700s] -- Installing: /home/peto/action_ws/install/action_tutorials_interfaces/include/action_tutorials_interfaces/msg/rosidl_typesupport_introspection_c__visibility_control.h
[5.700s] -- Up-to-date: /home/peto/action_ws/install/action_tutorials_interfaces/include/action_tutorials_interfaces/action
[5.700s] -- Up-to-date: /home/peto/action_ws/install/action_tutorials_interfaces/include/action_tutorials_interfaces/action/detail
[5.700s] -- Installing: /home/peto/action_ws/install/action_tutorials_interfaces/include/action_tutorials_interfaces/action/detail/fibonacci__type_support.c
[5.700s] -- Installing: /home/peto/action_ws/install/action_tutorials_interfaces/include/action_tutorials_interfaces/action/detail/fibonacci__rosidl_typesupport_introspection_c.h
[5.701s] -- Installing: /home/peto/action_ws/install/action_tutorials_interfaces/lib/libaction_tutorials_interfaces__rosidl_typesupport_introspection_c.so
[5.701s] -- Set runtime path of "/home/peto/action_ws/install/action_tutorials_interfaces/lib/libaction_tutorials_interfaces__rosidl_typesupport_introspection_c.so" to ""
[5.701s] -- Installing: /home/peto/action_ws/install/action_tutorials_interfaces/lib/libaction_tutorials_interfaces__rosidl_typesupport_c.so
[5.701s] -- Set runtime path of "/home/peto/action_ws/install/action_tutorials_interfaces/lib/libaction_tutorials_interfaces__rosidl_typesupport_c.so" to ""
[5.702s] -- Up-to-date: /home/peto/action_ws/install/action_tutorials_interfaces/include/action_tutorials_interfaces
[5.702s] -- Up-to-date: /home/peto/action_ws/install/action_tutorials_interfaces/include/action_tutorials_interfaces/action
[5.702s] -- Installing: /home/peto/action_ws/install/action_tutorials_interfaces/include/action_tutorials_interfaces/action/fibonacci.hpp
[5.702s] -- Up-to-date: /home/peto/action_ws/install/action_tutorials_interfaces/include/action_tutorials_interfaces/action/detail
[5.702s] -- Installing: /home/peto/action_ws/install/action_tutorials_interfaces/include/action_tutorials_interfaces/action/detail/fibonacci__traits.hpp
[5.702s] -- Installing: /home/peto/action_ws/install/action_tutorials_interfaces/include/action_tutorials_interfaces/action/detail/fibonacci__builder.hpp
[5.702s] -- Installing: /home/peto/action_ws/install/action_tutorials_interfaces/include/action_tutorials_interfaces/action/detail/fibonacci__struct.hpp
[5.702s] -- Up-to-date: /home/peto/action_ws/install/action_tutorials_interfaces/include/action_tutorials_interfaces
[5.702s] -- Up-to-date: /home/peto/action_ws/install/action_tutorials_interfaces/include/action_tutorials_interfaces/action
[5.703s] -- Up-to-date: /home/peto/action_ws/install/action_tutorials_interfaces/include/action_tutorials_interfaces/action/detail
[5.703s] -- Installing: /home/peto/action_ws/install/action_tutorials_interfaces/include/action_tutorials_interfaces/action/detail/fibonacci__type_support.cpp
[5.703s] -- Installing: /home/peto/action_ws/install/action_tutorials_interfaces/include/action_tutorials_interfaces/action/detail/fibonacci__rosidl_typesupport_introspection_cpp.hpp
[5.703s] -- Installing: /home/peto/action_ws/install/action_tutorials_interfaces/lib/libaction_tutorials_interfaces__rosidl_typesupport_introspection_cpp.so
[5.703s] -- Set runtime path of "/home/peto/action_ws/install/action_tutorials_interfaces/lib/libaction_tutorials_interfaces__rosidl_typesupport_introspection_cpp.so" to ""
[5.704s] -- Installing: /home/peto/action_ws/install/action_tutorials_interfaces/lib/libaction_tutorials_interfaces__rosidl_typesupport_cpp.so
[5.704s] -- Set runtime path of "/home/peto/action_ws/install/action_tutorials_interfaces/lib/libaction_tutorials_interfaces__rosidl_typesupport_cpp.so" to ""
[5.704s] -- Installing: /home/peto/action_ws/install/action_tutorials_interfaces/share/action_tutorials_interfaces/environment/pythonpath.sh
[5.704s] -- Installing: /home/peto/action_ws/install/action_tutorials_interfaces/share/action_tutorials_interfaces/environment/pythonpath.dsv
[5.704s] -- Installing: /home/peto/action_ws/install/action_tutorials_interfaces/lib/python3.8/site-packages/action_tutorials_interfaces/__init__.py
[5.733s] Compiling '/home/peto/action_ws/install/action_tutorials_interfaces/lib/python3.8/site-packages/action_tutorials_interfaces/__init__.py'...
[5.737s] -- Installing: /home/peto/action_ws/install/action_tutorials_interfaces/lib/python3.8/site-packages/action_tutorials_interfaces/action
[5.738s] -- Installing: /home/peto/action_ws/install/action_tutorials_interfaces/lib/python3.8/site-packages/action_tutorials_interfaces/action/_fibonacci_s.c
[5.738s] -- Installing: /home/peto/action_ws/install/action_tutorials_interfaces/lib/python3.8/site-packages/action_tutorials_interfaces/action/__init__.py
[5.738s] -- Installing: /home/peto/action_ws/install/action_tutorials_interfaces/lib/python3.8/site-packages/action_tutorials_interfaces/action/_fibonacci.py
[5.741s] -- Installing: /home/peto/action_ws/install/action_tutorials_interfaces/lib/python3.8/site-packages/action_tutorials_interfaces/action_tutorials_interfaces_s__rosidl_typesupport_fastrtps_c.cpython-38-x86_64-linux-gnu.so
[5.741s] -- Set runtime path of "/home/peto/action_ws/install/action_tutorials_interfaces/lib/python3.8/site-packages/action_tutorials_interfaces/action_tutorials_interfaces_s__rosidl_typesupport_fastrtps_c.cpython-38-x86_64-linux-gnu.so" to ""
[5.742s] -- Installing: /home/peto/action_ws/install/action_tutorials_interfaces/lib/python3.8/site-packages/action_tutorials_interfaces/action_tutorials_interfaces_s__rosidl_typesupport_introspection_c.cpython-38-x86_64-linux-gnu.so
[5.742s] -- Set runtime path of "/home/peto/action_ws/install/action_tutorials_interfaces/lib/python3.8/site-packages/action_tutorials_interfaces/action_tutorials_interfaces_s__rosidl_typesupport_introspection_c.cpython-38-x86_64-linux-gnu.so" to ""
[5.742s] -- Installing: /home/peto/action_ws/install/action_tutorials_interfaces/lib/python3.8/site-packages/action_tutorials_interfaces/action_tutorials_interfaces_s__rosidl_typesupport_c.cpython-38-x86_64-linux-gnu.so
[5.743s] -- Set runtime path of "/home/peto/action_ws/install/action_tutorials_interfaces/lib/python3.8/site-packages/action_tutorials_interfaces/action_tutorials_interfaces_s__rosidl_typesupport_c.cpython-38-x86_64-linux-gnu.so" to ""
[5.743s] -- Installing: /home/peto/action_ws/install/action_tutorials_interfaces/lib/libaction_tutorials_interfaces__python.so
[5.743s] -- Set runtime path of "/home/peto/action_ws/install/action_tutorials_interfaces/lib/libaction_tutorials_interfaces__python.so" to ""
[5.743s] -- Installing: /home/peto/action_ws/install/action_tutorials_interfaces/share/action_tutorials_interfaces/action/Fibonacci.idl
[5.744s] -- Installing: /home/peto/action_ws/install/action_tutorials_interfaces/share/action_tutorials_interfaces/action/Fibonacci.action
[5.744s] -- Installing: /home/peto/action_ws/install/action_tutorials_interfaces/share/ament_index/resource_index/package_run_dependencies/action_tutorials_interfaces
[5.744s] -- Installing: /home/peto/action_ws/install/action_tutorials_interfaces/share/ament_index/resource_index/parent_prefix_path/action_tutorials_interfaces
[5.744s] -- Installing: /home/peto/action_ws/install/action_tutorials_interfaces/share/action_tutorials_interfaces/environment/ament_prefix_path.sh
[5.744s] -- Installing: /home/peto/action_ws/install/action_tutorials_interfaces/share/action_tutorials_interfaces/environment/ament_prefix_path.dsv
[5.745s] -- Installing: /home/peto/action_ws/install/action_tutorials_interfaces/share/action_tutorials_interfaces/environment/path.sh
[5.745s] -- Installing: /home/peto/action_ws/install/action_tutorials_interfaces/share/action_tutorials_interfaces/environment/path.dsv
[5.745s] -- Installing: /home/peto/action_ws/install/action_tutorials_interfaces/share/action_tutorials_interfaces/local_setup.bash
[5.745s] -- Installing: /home/peto/action_ws/install/action_tutorials_interfaces/share/action_tutorials_interfaces/local_setup.sh
[5.745s] -- Installing: /home/peto/action_ws/install/action_tutorials_interfaces/share/action_tutorials_interfaces/local_setup.zsh
[5.745s] -- Installing: /home/peto/action_ws/install/action_tutorials_interfaces/share/action_tutorials_interfaces/local_setup.dsv
[5.746s] -- Installing: /home/peto/action_ws/install/action_tutorials_interfaces/share/action_tutorials_interfaces/package.dsv
[5.746s] -- Installing: /home/peto/action_ws/install/action_tutorials_interfaces/share/ament_index/resource_index/packages/action_tutorials_interfaces
[5.746s] -- Installing: /home/peto/action_ws/install/action_tutorials_interfaces/share/action_tutorials_interfaces/cmake/action_tutorials_interfaces__rosidl_generator_cExport.cmake
[5.746s] -- Installing: /home/peto/action_ws/install/action_tutorials_interfaces/share/action_tutorials_interfaces/cmake/action_tutorials_interfaces__rosidl_generator_cExport-noconfig.cmake
[5.746s] -- Installing: /home/peto/action_ws/install/action_tutorials_interfaces/share/action_tutorials_interfaces/cmake/action_tutorials_interfaces__rosidl_typesupport_introspection_cExport.cmake
[5.747s] -- Installing: /home/peto/action_ws/install/action_tutorials_interfaces/share/action_tutorials_interfaces/cmake/action_tutorials_interfaces__rosidl_typesupport_introspection_cExport-noconfig.cmake
[5.747s] -- Installing: /home/peto/action_ws/install/action_tutorials_interfaces/share/action_tutorials_interfaces/cmake/action_tutorials_interfaces__rosidl_typesupport_cExport.cmake
[5.747s] -- Installing: /home/peto/action_ws/install/action_tutorials_interfaces/share/action_tutorials_interfaces/cmake/action_tutorials_interfaces__rosidl_typesupport_cExport-noconfig.cmake
[5.747s] -- Installing: /home/peto/action_ws/install/action_tutorials_interfaces/share/action_tutorials_interfaces/cmake/action_tutorials_interfaces__rosidl_generator_cppExport.cmake
[5.748s] -- Installing: /home/peto/action_ws/install/action_tutorials_interfaces/share/action_tutorials_interfaces/cmake/action_tutorials_interfaces__rosidl_typesupport_introspection_cppExport.cmake
[5.748s] -- Installing: /home/peto/action_ws/install/action_tutorials_interfaces/share/action_tutorials_interfaces/cmake/action_tutorials_interfaces__rosidl_typesupport_introspection_cppExport-noconfig.cmake
[5.748s] -- Installing: /home/peto/action_ws/install/action_tutorials_interfaces/share/action_tutorials_interfaces/cmake/action_tutorials_interfaces__rosidl_typesupport_cppExport.cmake
[5.748s] -- Installing: /home/peto/action_ws/install/action_tutorials_interfaces/share/action_tutorials_interfaces/cmake/action_tutorials_interfaces__rosidl_typesupport_cppExport-noconfig.cmake
[5.748s] -- Installing: /home/peto/action_ws/install/action_tutorials_interfaces/share/action_tutorials_interfaces/cmake/rosidl_cmake-extras.cmake
[5.749s] -- Installing: /home/peto/action_ws/install/action_tutorials_interfaces/share/action_tutorials_interfaces/cmake/ament_cmake_export_dependencies-extras.cmake
[5.749s] -- Installing: /home/peto/action_ws/install/action_tutorials_interfaces/share/action_tutorials_interfaces/cmake/ament_cmake_export_libraries-extras.cmake
[5.749s] -- Installing: /home/peto/action_ws/install/action_tutorials_interfaces/share/action_tutorials_interfaces/cmake/ament_cmake_export_targets-extras.cmake
[5.749s] -- Installing: /home/peto/action_ws/install/action_tutorials_interfaces/share/action_tutorials_interfaces/cmake/ament_cmake_export_include_directories-extras.cmake
[5.749s] -- Installing: /home/peto/action_ws/install/action_tutorials_interfaces/share/action_tutorials_interfaces/cmake/rosidl_cmake_export_typesupport_libraries-extras.cmake
[5.749s] -- Installing: /home/peto/action_ws/install/action_tutorials_interfaces/share/action_tutorials_interfaces/cmake/rosidl_cmake_export_typesupport_targets-extras.cmake
[5.749s] -- Installing: /home/peto/action_ws/install/action_tutorials_interfaces/share/action_tutorials_interfaces/cmake/action_tutorials_interfacesConfig.cmake
[5.750s] -- Installing: /home/peto/action_ws/install/action_tutorials_interfaces/share/action_tutorials_interfaces/cmake/action_tutorials_interfacesConfig-version.cmake
[5.750s] -- Installing: /home/peto/action_ws/install/action_tutorials_interfaces/share/action_tutorials_interfaces/package.xml
[5.756s] Invoked command in '/home/peto/action_ws/build/action_tutorials_interfaces' returned '0': CMAKE_PREFIX_PATH=/home/peto/dev_ws/install/turtlesim:/home/peto/dev_ws/install/my_package:/opt/ros/galactic:/opt/ros/noetic /usr/bin/cmake --install /home/peto/action_ws/build/action_tutorials_interfaces
